[start_servpy] warning: pg_ctl or data dir not found, skipping postgres start
/home/aadminn/Ttree/TTree/scripts/start_servpy.sh: line 35: /home/aadminn/miniconda3/envs/pg16/bin/python3: No such file or directory
[start_servpy] warning: pg_ctl or data dir not found, skipping postgres start
/home/aadminn/Ttree/TTree/scripts/start_servpy.sh: line 35: /home/aadminn/miniconda3/envs/pg16/bin/python3: No such file or directory
[start_servpy] warning: pg_ctl or data dir not found, skipping postgres start
/home/aadminn/Ttree/TTree/scripts/start_servpy.sh: line 35: /home/aadminn/miniconda3/envs/pg16/bin/python3: No such file or directory
[start_servpy] warning: pg_ctl or data dir not found, skipping postgres start
/home/aadminn/Ttree/TTree/scripts/start_servpy.sh: line 35: /home/aadminn/miniconda3/envs/pg16/bin/python3: No such file or directory
[start_servpy] warning: pg_ctl or data dir not found, skipping postgres start
/home/aadminn/Ttree/TTree/scripts/start_servpy.sh: line 35: /home/aadminn/miniconda3/envs/pg16/bin/python3: No such file or directory
[start_servpy] warning: pg_ctl or data dir not found, skipping postgres start
Traceback (most recent call last):
  File "/home/aadminn/.local/lib/python3.8/site-packages/sqlalchemy/engine/base.py", line 146, in __init__
    self._dbapi_connection = engine.raw_connection()
  File "/home/aadminn/.local/lib/python3.8/site-packages/sqlalchemy/engine/base.py", line 3302, in raw_connection
    return self.pool.connect()
  File "/home/aadminn/.local/lib/python3.8/site-packages/sqlalchemy/pool/base.py", line 449, in connect
    return _ConnectionFairy._checkout(self)
  File "/home/aadminn/.local/lib/python3.8/site-packages/sqlalchemy/pool/base.py", line 1263, in _checkout
    fairy = _ConnectionRecord.checkout(pool)
  File "/home/aadminn/.local/lib/python3.8/site-packages/sqlalchemy/pool/base.py", line 712, in checkout
    rec = pool._do_get()
  File "/home/aadminn/.local/lib/python3.8/site-packages/sqlalchemy/pool/impl.py", line 180, in _do_get
    self._dec_overflow()
  File "/home/aadminn/.local/lib/python3.8/site-packages/sqlalchemy/util/langhelpers.py", line 146, in __exit__
    raise exc_value.with_traceback(exc_tb)
  File "/home/aadminn/.local/lib/python3.8/site-packages/sqlalchemy/pool/impl.py", line 177, in _do_get
    return self._create_connection()
  File "/home/aadminn/.local/lib/python3.8/site-packages/sqlalchemy/pool/base.py", line 390, in _create_connection
    return _ConnectionRecord(self)
  File "/home/aadminn/.local/lib/python3.8/site-packages/sqlalchemy/pool/base.py", line 674, in __init__
    self.__connect()
  File "/home/aadminn/.local/lib/python3.8/site-packages/sqlalchemy/pool/base.py", line 901, in __connect
    pool.logger.debug("Error on connect(): %s", e)
  File "/home/aadminn/.local/lib/python3.8/site-packages/sqlalchemy/util/langhelpers.py", line 146, in __exit__
    raise exc_value.with_traceback(exc_tb)
  File "/home/aadminn/.local/lib/python3.8/site-packages/sqlalchemy/pool/base.py", line 896, in __connect
    self.dbapi_connection = connection = pool._invoke_creator(self)
  File "/home/aadminn/.local/lib/python3.8/site-packages/sqlalchemy/engine/create.py", line 643, in connect
    return dialect.connect(*cargs, **cparams)
  File "/home/aadminn/.local/lib/python3.8/site-packages/sqlalchemy/engine/default.py", line 621, in connect
    return self.loaded_dbapi.connect(*cargs, **cparams)
  File "/home/aadminn/.local/lib/python3.8/site-packages/psycopg/connection.py", line 738, in connect
    raise ex.with_traceback(None)
psycopg.OperationalError: connection is bad: No such file or directory
	Is the server running locally and accepting connections on that socket?

The above exception was the direct cause of the following exception:

Traceback (most recent call last):
  File "/usr/lib/python3.8/runpy.py", line 194, in _run_module_as_main
    return _run_code(code, main_globals, None,
  File "/usr/lib/python3.8/runpy.py", line 87, in _run_code
    exec(code, run_globals)
  File "/home/aadminn/.local/lib/python3.8/site-packages/uvicorn/__main__.py", line 4, in <module>
    uvicorn.main()
  File "/usr/lib/python3/dist-packages/click/core.py", line 764, in __call__
    return self.main(*args, **kwargs)
  File "/usr/lib/python3/dist-packages/click/core.py", line 717, in main
    rv = self.invoke(ctx)
  File "/usr/lib/python3/dist-packages/click/core.py", line 956, in invoke
    return ctx.invoke(self.callback, **ctx.params)
  File "/usr/lib/python3/dist-packages/click/core.py", line 555, in invoke
    return callback(*args, **kwargs)
  File "/home/aadminn/.local/lib/python3.8/site-packages/uvicorn/main.py", line 416, in main
    run(
  File "/home/aadminn/.local/lib/python3.8/site-packages/uvicorn/main.py", line 587, in run
    server.run()
  File "/home/aadminn/.local/lib/python3.8/site-packages/uvicorn/server.py", line 61, in run
    return asyncio.run(self.serve(sockets=sockets))
  File "/usr/lib/python3.8/asyncio/runners.py", line 44, in run
    return loop.run_until_complete(main)
  File "uvloop/loop.pyx", line 1518, in uvloop.loop.Loop.run_until_complete
  File "/home/aadminn/.local/lib/python3.8/site-packages/uvicorn/server.py", line 68, in serve
    config.load()
  File "/home/aadminn/.local/lib/python3.8/site-packages/uvicorn/config.py", line 467, in load
    self.loaded_app = import_from_string(self.app)
  File "/home/aadminn/.local/lib/python3.8/site-packages/uvicorn/importer.py", line 21, in import_from_string
    module = importlib.import_module(module_str)
  File "/usr/lib/python3.8/importlib/__init__.py", line 127, in import_module
    return _bootstrap._gcd_import(name[level:], package, level)
  File "<frozen importlib._bootstrap>", line 1014, in _gcd_import
  File "<frozen importlib._bootstrap>", line 991, in _find_and_load
  File "<frozen importlib._bootstrap>", line 975, in _find_and_load_unlocked
  File "<frozen importlib._bootstrap>", line 671, in _load_unlocked
  File "<frozen importlib._bootstrap_external>", line 848, in exec_module
  File "<frozen importlib._bootstrap>", line 219, in _call_with_frames_removed
  File "/home/aadminn/Ttree/TTree/servpy/app/main.py", line 18, in <module>
    from .data_store import (
  File "/home/aadminn/Ttree/TTree/servpy/app/data_store.py", line 22, in <module>
    init_schema()
  File "/home/aadminn/Ttree/TTree/servpy/app/schema.py", line 184, in init_schema
    _init_postgres_schema()
  File "/home/aadminn/Ttree/TTree/servpy/app/schema.py", line 177, in _init_postgres_schema
    execute(stmt)
  File "/home/aadminn/Ttree/TTree/servpy/app/db.py", line 130, in execute
    return CONN.execute(sql, params)
  File "/home/aadminn/Ttree/TTree/servpy/app/db.py", line 109, in execute
    with self.engine.begin() as conn:
  File "/usr/lib/python3.8/contextlib.py", line 113, in __enter__
    return next(self.gen)
  File "/home/aadminn/.local/lib/python3.8/site-packages/sqlalchemy/engine/base.py", line 3242, in begin
    with self.connect() as conn:
  File "/home/aadminn/.local/lib/python3.8/site-packages/sqlalchemy/engine/base.py", line 3278, in connect
    return self._connection_cls(self)
  File "/home/aadminn/.local/lib/python3.8/site-packages/sqlalchemy/engine/base.py", line 148, in __init__
    Connection._handle_dbapi_exception_noconnection(
  File "/home/aadminn/.local/lib/python3.8/site-packages/sqlalchemy/engine/base.py", line 2442, in _handle_dbapi_exception_noconnection
    raise sqlalchemy_exception.with_traceback(exc_info[2]) from e
  File "/home/aadminn/.local/lib/python3.8/site-packages/sqlalchemy/engine/base.py", line 146, in __init__
    self._dbapi_connection = engine.raw_connection()
  File "/home/aadminn/.local/lib/python3.8/site-packages/sqlalchemy/engine/base.py", line 3302, in raw_connection
    return self.pool.connect()
  File "/home/aadminn/.local/lib/python3.8/site-packages/sqlalchemy/pool/base.py", line 449, in connect
    return _ConnectionFairy._checkout(self)
  File "/home/aadminn/.local/lib/python3.8/site-packages/sqlalchemy/pool/base.py", line 1263, in _checkout
    fairy = _ConnectionRecord.checkout(pool)
  File "/home/aadminn/.local/lib/python3.8/site-packages/sqlalchemy/pool/base.py", line 712, in checkout
    rec = pool._do_get()
  File "/home/aadminn/.local/lib/python3.8/site-packages/sqlalchemy/pool/impl.py", line 180, in _do_get
    self._dec_overflow()
  File "/home/aadminn/.local/lib/python3.8/site-packages/sqlalchemy/util/langhelpers.py", line 146, in __exit__
    raise exc_value.with_traceback(exc_tb)
  File "/home/aadminn/.local/lib/python3.8/site-packages/sqlalchemy/pool/impl.py", line 177, in _do_get
    return self._create_connection()
  File "/home/aadminn/.local/lib/python3.8/site-packages/sqlalchemy/pool/base.py", line 390, in _create_connection
    return _ConnectionRecord(self)
  File "/home/aadminn/.local/lib/python3.8/site-packages/sqlalchemy/pool/base.py", line 674, in __init__
    self.__connect()
  File "/home/aadminn/.local/lib/python3.8/site-packages/sqlalchemy/pool/base.py", line 901, in __connect
    pool.logger.debug("Error on connect(): %s", e)
  File "/home/aadminn/.local/lib/python3.8/site-packages/sqlalchemy/util/langhelpers.py", line 146, in __exit__
    raise exc_value.with_traceback(exc_tb)
  File "/home/aadminn/.local/lib/python3.8/site-packages/sqlalchemy/pool/base.py", line 896, in __connect
    self.dbapi_connection = connection = pool._invoke_creator(self)
  File "/home/aadminn/.local/lib/python3.8/site-packages/sqlalchemy/engine/create.py", line 643, in connect
    return dialect.connect(*cargs, **cparams)
  File "/home/aadminn/.local/lib/python3.8/site-packages/sqlalchemy/engine/default.py", line 621, in connect
    return self.loaded_dbapi.connect(*cargs, **cparams)
  File "/home/aadminn/.local/lib/python3.8/site-packages/psycopg/connection.py", line 738, in connect
    raise ex.with_traceback(None)
sqlalchemy.exc.OperationalError: (psycopg.OperationalError) connection is bad: No such file or directory
	Is the server running locally and accepting connections on that socket?
(Background on this error at: https://sqlalche.me/e/20/e3q8)
[start_servpy] warning: pg_ctl or data dir not found, skipping postgres start
Traceback (most recent call last):
  File "/home/aadminn/.local/lib/python3.8/site-packages/sqlalchemy/engine/base.py", line 146, in __init__
    self._dbapi_connection = engine.raw_connection()
  File "/home/aadminn/.local/lib/python3.8/site-packages/sqlalchemy/engine/base.py", line 3302, in raw_connection
    return self.pool.connect()
  File "/home/aadminn/.local/lib/python3.8/site-packages/sqlalchemy/pool/base.py", line 449, in connect
    return _ConnectionFairy._checkout(self)
  File "/home/aadminn/.local/lib/python3.8/site-packages/sqlalchemy/pool/base.py", line 1263, in _checkout
    fairy = _ConnectionRecord.checkout(pool)
  File "/home/aadminn/.local/lib/python3.8/site-packages/sqlalchemy/pool/base.py", line 712, in checkout
    rec = pool._do_get()
  File "/home/aadminn/.local/lib/python3.8/site-packages/sqlalchemy/pool/impl.py", line 180, in _do_get
    self._dec_overflow()
  File "/home/aadminn/.local/lib/python3.8/site-packages/sqlalchemy/util/langhelpers.py", line 146, in __exit__
    raise exc_value.with_traceback(exc_tb)
  File "/home/aadminn/.local/lib/python3.8/site-packages/sqlalchemy/pool/impl.py", line 177, in _do_get
    return self._create_connection()
  File "/home/aadminn/.local/lib/python3.8/site-packages/sqlalchemy/pool/base.py", line 390, in _create_connection
    return _ConnectionRecord(self)
  File "/home/aadminn/.local/lib/python3.8/site-packages/sqlalchemy/pool/base.py", line 674, in __init__
    self.__connect()
  File "/home/aadminn/.local/lib/python3.8/site-packages/sqlalchemy/pool/base.py", line 901, in __connect
    pool.logger.debug("Error on connect(): %s", e)
  File "/home/aadminn/.local/lib/python3.8/site-packages/sqlalchemy/util/langhelpers.py", line 146, in __exit__
    raise exc_value.with_traceback(exc_tb)
  File "/home/aadminn/.local/lib/python3.8/site-packages/sqlalchemy/pool/base.py", line 896, in __connect
    self.dbapi_connection = connection = pool._invoke_creator(self)
  File "/home/aadminn/.local/lib/python3.8/site-packages/sqlalchemy/engine/create.py", line 643, in connect
    return dialect.connect(*cargs, **cparams)
  File "/home/aadminn/.local/lib/python3.8/site-packages/sqlalchemy/engine/default.py", line 621, in connect
    return self.loaded_dbapi.connect(*cargs, **cparams)
  File "/home/aadminn/.local/lib/python3.8/site-packages/psycopg/connection.py", line 738, in connect
    raise ex.with_traceback(None)
psycopg.OperationalError: connection is bad: No such file or directory
	Is the server running locally and accepting connections on that socket?

The above exception was the direct cause of the following exception:

Traceback (most recent call last):
  File "/usr/lib/python3.8/runpy.py", line 194, in _run_module_as_main
    return _run_code(code, main_globals, None,
  File "/usr/lib/python3.8/runpy.py", line 87, in _run_code
    exec(code, run_globals)
  File "/home/aadminn/.local/lib/python3.8/site-packages/uvicorn/__main__.py", line 4, in <module>
    uvicorn.main()
  File "/usr/lib/python3/dist-packages/click/core.py", line 764, in __call__
    return self.main(*args, **kwargs)
  File "/usr/lib/python3/dist-packages/click/core.py", line 717, in main
    rv = self.invoke(ctx)
  File "/usr/lib/python3/dist-packages/click/core.py", line 956, in invoke
    return ctx.invoke(self.callback, **ctx.params)
  File "/usr/lib/python3/dist-packages/click/core.py", line 555, in invoke
    return callback(*args, **kwargs)
  File "/home/aadminn/.local/lib/python3.8/site-packages/uvicorn/main.py", line 416, in main
    run(
  File "/home/aadminn/.local/lib/python3.8/site-packages/uvicorn/main.py", line 587, in run
    server.run()
  File "/home/aadminn/.local/lib/python3.8/site-packages/uvicorn/server.py", line 61, in run
    return asyncio.run(self.serve(sockets=sockets))
  File "/usr/lib/python3.8/asyncio/runners.py", line 44, in run
    return loop.run_until_complete(main)
  File "uvloop/loop.pyx", line 1518, in uvloop.loop.Loop.run_until_complete
  File "/home/aadminn/.local/lib/python3.8/site-packages/uvicorn/server.py", line 68, in serve
    config.load()
  File "/home/aadminn/.local/lib/python3.8/site-packages/uvicorn/config.py", line 467, in load
    self.loaded_app = import_from_string(self.app)
  File "/home/aadminn/.local/lib/python3.8/site-packages/uvicorn/importer.py", line 21, in import_from_string
    module = importlib.import_module(module_str)
  File "/usr/lib/python3.8/importlib/__init__.py", line 127, in import_module
    return _bootstrap._gcd_import(name[level:], package, level)
  File "<frozen importlib._bootstrap>", line 1014, in _gcd_import
  File "<frozen importlib._bootstrap>", line 991, in _find_and_load
  File "<frozen importlib._bootstrap>", line 975, in _find_and_load_unlocked
  File "<frozen importlib._bootstrap>", line 671, in _load_unlocked
  File "<frozen importlib._bootstrap_external>", line 848, in exec_module
  File "<frozen importlib._bootstrap>", line 219, in _call_with_frames_removed
  File "/home/aadminn/Ttree/TTree/servpy/app/main.py", line 18, in <module>
    from .data_store import (
  File "/home/aadminn/Ttree/TTree/servpy/app/data_store.py", line 22, in <module>
    init_schema()
  File "/home/aadminn/Ttree/TTree/servpy/app/schema.py", line 184, in init_schema
    _init_postgres_schema()
  File "/home/aadminn/Ttree/TTree/servpy/app/schema.py", line 177, in _init_postgres_schema
    execute(stmt)
  File "/home/aadminn/Ttree/TTree/servpy/app/db.py", line 130, in execute
    return CONN.execute(sql, params)
  File "/home/aadminn/Ttree/TTree/servpy/app/db.py", line 109, in execute
    with self.engine.begin() as conn:
  File "/usr/lib/python3.8/contextlib.py", line 113, in __enter__
    return next(self.gen)
  File "/home/aadminn/.local/lib/python3.8/site-packages/sqlalchemy/engine/base.py", line 3242, in begin
    with self.connect() as conn:
  File "/home/aadminn/.local/lib/python3.8/site-packages/sqlalchemy/engine/base.py", line 3278, in connect
    return self._connection_cls(self)
  File "/home/aadminn/.local/lib/python3.8/site-packages/sqlalchemy/engine/base.py", line 148, in __init__
    Connection._handle_dbapi_exception_noconnection(
  File "/home/aadminn/.local/lib/python3.8/site-packages/sqlalchemy/engine/base.py", line 2442, in _handle_dbapi_exception_noconnection
    raise sqlalchemy_exception.with_traceback(exc_info[2]) from e
  File "/home/aadminn/.local/lib/python3.8/site-packages/sqlalchemy/engine/base.py", line 146, in __init__
    self._dbapi_connection = engine.raw_connection()
  File "/home/aadminn/.local/lib/python3.8/site-packages/sqlalchemy/engine/base.py", line 3302, in raw_connection
    return self.pool.connect()
  File "/home/aadminn/.local/lib/python3.8/site-packages/sqlalchemy/pool/base.py", line 449, in connect
    return _ConnectionFairy._checkout(self)
  File "/home/aadminn/.local/lib/python3.8/site-packages/sqlalchemy/pool/base.py", line 1263, in _checkout
    fairy = _ConnectionRecord.checkout(pool)
  File "/home/aadminn/.local/lib/python3.8/site-packages/sqlalchemy/pool/base.py", line 712, in checkout
    rec = pool._do_get()
  File "/home/aadminn/.local/lib/python3.8/site-packages/sqlalchemy/pool/impl.py", line 180, in _do_get
    self._dec_overflow()
  File "/home/aadminn/.local/lib/python3.8/site-packages/sqlalchemy/util/langhelpers.py", line 146, in __exit__
    raise exc_value.with_traceback(exc_tb)
  File "/home/aadminn/.local/lib/python3.8/site-packages/sqlalchemy/pool/impl.py", line 177, in _do_get
    return self._create_connection()
  File "/home/aadminn/.local/lib/python3.8/site-packages/sqlalchemy/pool/base.py", line 390, in _create_connection
    return _ConnectionRecord(self)
  File "/home/aadminn/.local/lib/python3.8/site-packages/sqlalchemy/pool/base.py", line 674, in __init__
    self.__connect()
  File "/home/aadminn/.local/lib/python3.8/site-packages/sqlalchemy/pool/base.py", line 901, in __connect
    pool.logger.debug("Error on connect(): %s", e)
  File "/home/aadminn/.local/lib/python3.8/site-packages/sqlalchemy/util/langhelpers.py", line 146, in __exit__
    raise exc_value.with_traceback(exc_tb)
  File "/home/aadminn/.local/lib/python3.8/site-packages/sqlalchemy/pool/base.py", line 896, in __connect
    self.dbapi_connection = connection = pool._invoke_creator(self)
  File "/home/aadminn/.local/lib/python3.8/site-packages/sqlalchemy/engine/create.py", line 643, in connect
    return dialect.connect(*cargs, **cparams)
  File "/home/aadminn/.local/lib/python3.8/site-packages/sqlalchemy/engine/default.py", line 621, in connect
    return self.loaded_dbapi.connect(*cargs, **cparams)
  File "/home/aadminn/.local/lib/python3.8/site-packages/psycopg/connection.py", line 738, in connect
    raise ex.with_traceback(None)
sqlalchemy.exc.OperationalError: (psycopg.OperationalError) connection is bad: No such file or directory
	Is the server running locally and accepting connections on that socket?
(Background on this error at: https://sqlalche.me/e/20/e3q8)
[start_servpy] warning: pg_ctl or data dir not found, skipping postgres start
Traceback (most recent call last):
  File "/home/aadminn/.local/lib/python3.8/site-packages/sqlalchemy/engine/base.py", line 146, in __init__
    self._dbapi_connection = engine.raw_connection()
  File "/home/aadminn/.local/lib/python3.8/site-packages/sqlalchemy/engine/base.py", line 3302, in raw_connection
    return self.pool.connect()
  File "/home/aadminn/.local/lib/python3.8/site-packages/sqlalchemy/pool/base.py", line 449, in connect
    return _ConnectionFairy._checkout(self)
  File "/home/aadminn/.local/lib/python3.8/site-packages/sqlalchemy/pool/base.py", line 1263, in _checkout
    fairy = _ConnectionRecord.checkout(pool)
  File "/home/aadminn/.local/lib/python3.8/site-packages/sqlalchemy/pool/base.py", line 712, in checkout
    rec = pool._do_get()
  File "/home/aadminn/.local/lib/python3.8/site-packages/sqlalchemy/pool/impl.py", line 180, in _do_get
    self._dec_overflow()
  File "/home/aadminn/.local/lib/python3.8/site-packages/sqlalchemy/util/langhelpers.py", line 146, in __exit__
    raise exc_value.with_traceback(exc_tb)
  File "/home/aadminn/.local/lib/python3.8/site-packages/sqlalchemy/pool/impl.py", line 177, in _do_get
    return self._create_connection()
  File "/home/aadminn/.local/lib/python3.8/site-packages/sqlalchemy/pool/base.py", line 390, in _create_connection
    return _ConnectionRecord(self)
  File "/home/aadminn/.local/lib/python3.8/site-packages/sqlalchemy/pool/base.py", line 674, in __init__
    self.__connect()
  File "/home/aadminn/.local/lib/python3.8/site-packages/sqlalchemy/pool/base.py", line 901, in __connect
    pool.logger.debug("Error on connect(): %s", e)
  File "/home/aadminn/.local/lib/python3.8/site-packages/sqlalchemy/util/langhelpers.py", line 146, in __exit__
    raise exc_value.with_traceback(exc_tb)
  File "/home/aadminn/.local/lib/python3.8/site-packages/sqlalchemy/pool/base.py", line 896, in __connect
    self.dbapi_connection = connection = pool._invoke_creator(self)
  File "/home/aadminn/.local/lib/python3.8/site-packages/sqlalchemy/engine/create.py", line 643, in connect
    return dialect.connect(*cargs, **cparams)
  File "/home/aadminn/.local/lib/python3.8/site-packages/sqlalchemy/engine/default.py", line 621, in connect
    return self.loaded_dbapi.connect(*cargs, **cparams)
  File "/home/aadminn/.local/lib/python3.8/site-packages/psycopg/connection.py", line 738, in connect
    raise ex.with_traceback(None)
psycopg.OperationalError: connection is bad: No such file or directory
	Is the server running locally and accepting connections on that socket?

The above exception was the direct cause of the following exception:

Traceback (most recent call last):
  File "/usr/lib/python3.8/runpy.py", line 194, in _run_module_as_main
    return _run_code(code, main_globals, None,
  File "/usr/lib/python3.8/runpy.py", line 87, in _run_code
    exec(code, run_globals)
  File "/home/aadminn/.local/lib/python3.8/site-packages/uvicorn/__main__.py", line 4, in <module>
    uvicorn.main()
  File "/usr/lib/python3/dist-packages/click/core.py", line 764, in __call__
    return self.main(*args, **kwargs)
  File "/usr/lib/python3/dist-packages/click/core.py", line 717, in main
    rv = self.invoke(ctx)
  File "/usr/lib/python3/dist-packages/click/core.py", line 956, in invoke
    return ctx.invoke(self.callback, **ctx.params)
  File "/usr/lib/python3/dist-packages/click/core.py", line 555, in invoke
    return callback(*args, **kwargs)
  File "/home/aadminn/.local/lib/python3.8/site-packages/uvicorn/main.py", line 416, in main
    run(
  File "/home/aadminn/.local/lib/python3.8/site-packages/uvicorn/main.py", line 587, in run
    server.run()
  File "/home/aadminn/.local/lib/python3.8/site-packages/uvicorn/server.py", line 61, in run
    return asyncio.run(self.serve(sockets=sockets))
  File "/usr/lib/python3.8/asyncio/runners.py", line 44, in run
    return loop.run_until_complete(main)
  File "uvloop/loop.pyx", line 1518, in uvloop.loop.Loop.run_until_complete
  File "/home/aadminn/.local/lib/python3.8/site-packages/uvicorn/server.py", line 68, in serve
    config.load()
  File "/home/aadminn/.local/lib/python3.8/site-packages/uvicorn/config.py", line 467, in load
    self.loaded_app = import_from_string(self.app)
  File "/home/aadminn/.local/lib/python3.8/site-packages/uvicorn/importer.py", line 21, in import_from_string
    module = importlib.import_module(module_str)
  File "/usr/lib/python3.8/importlib/__init__.py", line 127, in import_module
    return _bootstrap._gcd_import(name[level:], package, level)
  File "<frozen importlib._bootstrap>", line 1014, in _gcd_import
  File "<frozen importlib._bootstrap>", line 991, in _find_and_load
  File "<frozen importlib._bootstrap>", line 975, in _find_and_load_unlocked
  File "<frozen importlib._bootstrap>", line 671, in _load_unlocked
  File "<frozen importlib._bootstrap_external>", line 848, in exec_module
  File "<frozen importlib._bootstrap>", line 219, in _call_with_frames_removed
  File "/home/aadminn/Ttree/TTree/servpy/app/main.py", line 18, in <module>
    from .data_store import (
  File "/home/aadminn/Ttree/TTree/servpy/app/data_store.py", line 22, in <module>
    init_schema()
  File "/home/aadminn/Ttree/TTree/servpy/app/schema.py", line 184, in init_schema
    _init_postgres_schema()
  File "/home/aadminn/Ttree/TTree/servpy/app/schema.py", line 177, in _init_postgres_schema
    execute(stmt)
  File "/home/aadminn/Ttree/TTree/servpy/app/db.py", line 130, in execute
    return CONN.execute(sql, params)
  File "/home/aadminn/Ttree/TTree/servpy/app/db.py", line 109, in execute
    with self.engine.begin() as conn:
  File "/usr/lib/python3.8/contextlib.py", line 113, in __enter__
    return next(self.gen)
  File "/home/aadminn/.local/lib/python3.8/site-packages/sqlalchemy/engine/base.py", line 3242, in begin
    with self.connect() as conn:
  File "/home/aadminn/.local/lib/python3.8/site-packages/sqlalchemy/engine/base.py", line 3278, in connect
    return self._connection_cls(self)
  File "/home/aadminn/.local/lib/python3.8/site-packages/sqlalchemy/engine/base.py", line 148, in __init__
    Connection._handle_dbapi_exception_noconnection(
  File "/home/aadminn/.local/lib/python3.8/site-packages/sqlalchemy/engine/base.py", line 2442, in _handle_dbapi_exception_noconnection
    raise sqlalchemy_exception.with_traceback(exc_info[2]) from e
  File "/home/aadminn/.local/lib/python3.8/site-packages/sqlalchemy/engine/base.py", line 146, in __init__
    self._dbapi_connection = engine.raw_connection()
  File "/home/aadminn/.local/lib/python3.8/site-packages/sqlalchemy/engine/base.py", line 3302, in raw_connection
    return self.pool.connect()
  File "/home/aadminn/.local/lib/python3.8/site-packages/sqlalchemy/pool/base.py", line 449, in connect
    return _ConnectionFairy._checkout(self)
  File "/home/aadminn/.local/lib/python3.8/site-packages/sqlalchemy/pool/base.py", line 1263, in _checkout
    fairy = _ConnectionRecord.checkout(pool)
  File "/home/aadminn/.local/lib/python3.8/site-packages/sqlalchemy/pool/base.py", line 712, in checkout
    rec = pool._do_get()
  File "/home/aadminn/.local/lib/python3.8/site-packages/sqlalchemy/pool/impl.py", line 180, in _do_get
    self._dec_overflow()
  File "/home/aadminn/.local/lib/python3.8/site-packages/sqlalchemy/util/langhelpers.py", line 146, in __exit__
    raise exc_value.with_traceback(exc_tb)
  File "/home/aadminn/.local/lib/python3.8/site-packages/sqlalchemy/pool/impl.py", line 177, in _do_get
    return self._create_connection()
  File "/home/aadminn/.local/lib/python3.8/site-packages/sqlalchemy/pool/base.py", line 390, in _create_connection
    return _ConnectionRecord(self)
  File "/home/aadminn/.local/lib/python3.8/site-packages/sqlalchemy/pool/base.py", line 674, in __init__
    self.__connect()
  File "/home/aadminn/.local/lib/python3.8/site-packages/sqlalchemy/pool/base.py", line 901, in __connect
    pool.logger.debug("Error on connect(): %s", e)
  File "/home/aadminn/.local/lib/python3.8/site-packages/sqlalchemy/util/langhelpers.py", line 146, in __exit__
    raise exc_value.with_traceback(exc_tb)
  File "/home/aadminn/.local/lib/python3.8/site-packages/sqlalchemy/pool/base.py", line 896, in __connect
    self.dbapi_connection = connection = pool._invoke_creator(self)
  File "/home/aadminn/.local/lib/python3.8/site-packages/sqlalchemy/engine/create.py", line 643, in connect
    return dialect.connect(*cargs, **cparams)
  File "/home/aadminn/.local/lib/python3.8/site-packages/sqlalchemy/engine/default.py", line 621, in connect
    return self.loaded_dbapi.connect(*cargs, **cparams)
  File "/home/aadminn/.local/lib/python3.8/site-packages/psycopg/connection.py", line 738, in connect
    raise ex.with_traceback(None)
sqlalchemy.exc.OperationalError: (psycopg.OperationalError) connection is bad: No such file or directory
	Is the server running locally and accepting connections on that socket?
(Background on this error at: https://sqlalche.me/e/20/e3q8)
[start_servpy] warning: pg_ctl or data dir not found, skipping postgres start
Traceback (most recent call last):
  File "/home/aadminn/.local/lib/python3.8/site-packages/sqlalchemy/engine/base.py", line 146, in __init__
    self._dbapi_connection = engine.raw_connection()
  File "/home/aadminn/.local/lib/python3.8/site-packages/sqlalchemy/engine/base.py", line 3302, in raw_connection
    return self.pool.connect()
  File "/home/aadminn/.local/lib/python3.8/site-packages/sqlalchemy/pool/base.py", line 449, in connect
    return _ConnectionFairy._checkout(self)
  File "/home/aadminn/.local/lib/python3.8/site-packages/sqlalchemy/pool/base.py", line 1263, in _checkout
    fairy = _ConnectionRecord.checkout(pool)
  File "/home/aadminn/.local/lib/python3.8/site-packages/sqlalchemy/pool/base.py", line 712, in checkout
    rec = pool._do_get()
  File "/home/aadminn/.local/lib/python3.8/site-packages/sqlalchemy/pool/impl.py", line 180, in _do_get
    self._dec_overflow()
  File "/home/aadminn/.local/lib/python3.8/site-packages/sqlalchemy/util/langhelpers.py", line 146, in __exit__
    raise exc_value.with_traceback(exc_tb)
  File "/home/aadminn/.local/lib/python3.8/site-packages/sqlalchemy/pool/impl.py", line 177, in _do_get
    return self._create_connection()
  File "/home/aadminn/.local/lib/python3.8/site-packages/sqlalchemy/pool/base.py", line 390, in _create_connection
    return _ConnectionRecord(self)
  File "/home/aadminn/.local/lib/python3.8/site-packages/sqlalchemy/pool/base.py", line 674, in __init__
    self.__connect()
  File "/home/aadminn/.local/lib/python3.8/site-packages/sqlalchemy/pool/base.py", line 901, in __connect
    pool.logger.debug("Error on connect(): %s", e)
  File "/home/aadminn/.local/lib/python3.8/site-packages/sqlalchemy/util/langhelpers.py", line 146, in __exit__
    raise exc_value.with_traceback(exc_tb)
  File "/home/aadminn/.local/lib/python3.8/site-packages/sqlalchemy/pool/base.py", line 896, in __connect
    self.dbapi_connection = connection = pool._invoke_creator(self)
  File "/home/aadminn/.local/lib/python3.8/site-packages/sqlalchemy/engine/create.py", line 643, in connect
    return dialect.connect(*cargs, **cparams)
  File "/home/aadminn/.local/lib/python3.8/site-packages/sqlalchemy/engine/default.py", line 621, in connect
    return self.loaded_dbapi.connect(*cargs, **cparams)
  File "/home/aadminn/.local/lib/python3.8/site-packages/psycopg/connection.py", line 738, in connect
    raise ex.with_traceback(None)
psycopg.OperationalError: connection is bad: No such file or directory
	Is the server running locally and accepting connections on that socket?

The above exception was the direct cause of the following exception:

Traceback (most recent call last):
  File "/usr/lib/python3.8/runpy.py", line 194, in _run_module_as_main
    return _run_code(code, main_globals, None,
  File "/usr/lib/python3.8/runpy.py", line 87, in _run_code
    exec(code, run_globals)
  File "/home/aadminn/.local/lib/python3.8/site-packages/uvicorn/__main__.py", line 4, in <module>
    uvicorn.main()
  File "/usr/lib/python3/dist-packages/click/core.py", line 764, in __call__
    return self.main(*args, **kwargs)
  File "/usr/lib/python3/dist-packages/click/core.py", line 717, in main
    rv = self.invoke(ctx)
  File "/usr/lib/python3/dist-packages/click/core.py", line 956, in invoke
    return ctx.invoke(self.callback, **ctx.params)
  File "/usr/lib/python3/dist-packages/click/core.py", line 555, in invoke
    return callback(*args, **kwargs)
  File "/home/aadminn/.local/lib/python3.8/site-packages/uvicorn/main.py", line 416, in main
    run(
  File "/home/aadminn/.local/lib/python3.8/site-packages/uvicorn/main.py", line 587, in run
    server.run()
  File "/home/aadminn/.local/lib/python3.8/site-packages/uvicorn/server.py", line 61, in run
    return asyncio.run(self.serve(sockets=sockets))
  File "/usr/lib/python3.8/asyncio/runners.py", line 44, in run
    return loop.run_until_complete(main)
  File "uvloop/loop.pyx", line 1518, in uvloop.loop.Loop.run_until_complete
  File "/home/aadminn/.local/lib/python3.8/site-packages/uvicorn/server.py", line 68, in serve
    config.load()
  File "/home/aadminn/.local/lib/python3.8/site-packages/uvicorn/config.py", line 467, in load
    self.loaded_app = import_from_string(self.app)
  File "/home/aadminn/.local/lib/python3.8/site-packages/uvicorn/importer.py", line 21, in import_from_string
    module = importlib.import_module(module_str)
  File "/usr/lib/python3.8/importlib/__init__.py", line 127, in import_module
    return _bootstrap._gcd_import(name[level:], package, level)
  File "<frozen importlib._bootstrap>", line 1014, in _gcd_import
  File "<frozen importlib._bootstrap>", line 991, in _find_and_load
  File "<frozen importlib._bootstrap>", line 975, in _find_and_load_unlocked
  File "<frozen importlib._bootstrap>", line 671, in _load_unlocked
  File "<frozen importlib._bootstrap_external>", line 848, in exec_module
  File "<frozen importlib._bootstrap>", line 219, in _call_with_frames_removed
  File "/home/aadminn/Ttree/TTree/servpy/app/main.py", line 18, in <module>
    from .data_store import (
  File "/home/aadminn/Ttree/TTree/servpy/app/data_store.py", line 22, in <module>
    init_schema()
  File "/home/aadminn/Ttree/TTree/servpy/app/schema.py", line 184, in init_schema
    _init_postgres_schema()
  File "/home/aadminn/Ttree/TTree/servpy/app/schema.py", line 177, in _init_postgres_schema
    execute(stmt)
  File "/home/aadminn/Ttree/TTree/servpy/app/db.py", line 130, in execute
    return CONN.execute(sql, params)
  File "/home/aadminn/Ttree/TTree/servpy/app/db.py", line 109, in execute
    with self.engine.begin() as conn:
  File "/usr/lib/python3.8/contextlib.py", line 113, in __enter__
    return next(self.gen)
  File "/home/aadminn/.local/lib/python3.8/site-packages/sqlalchemy/engine/base.py", line 3242, in begin
    with self.connect() as conn:
  File "/home/aadminn/.local/lib/python3.8/site-packages/sqlalchemy/engine/base.py", line 3278, in connect
    return self._connection_cls(self)
  File "/home/aadminn/.local/lib/python3.8/site-packages/sqlalchemy/engine/base.py", line 148, in __init__
    Connection._handle_dbapi_exception_noconnection(
  File "/home/aadminn/.local/lib/python3.8/site-packages/sqlalchemy/engine/base.py", line 2442, in _handle_dbapi_exception_noconnection
    raise sqlalchemy_exception.with_traceback(exc_info[2]) from e
  File "/home/aadminn/.local/lib/python3.8/site-packages/sqlalchemy/engine/base.py", line 146, in __init__
    self._dbapi_connection = engine.raw_connection()
  File "/home/aadminn/.local/lib/python3.8/site-packages/sqlalchemy/engine/base.py", line 3302, in raw_connection
    return self.pool.connect()
  File "/home/aadminn/.local/lib/python3.8/site-packages/sqlalchemy/pool/base.py", line 449, in connect
    return _ConnectionFairy._checkout(self)
  File "/home/aadminn/.local/lib/python3.8/site-packages/sqlalchemy/pool/base.py", line 1263, in _checkout
    fairy = _ConnectionRecord.checkout(pool)
  File "/home/aadminn/.local/lib/python3.8/site-packages/sqlalchemy/pool/base.py", line 712, in checkout
    rec = pool._do_get()
  File "/home/aadminn/.local/lib/python3.8/site-packages/sqlalchemy/pool/impl.py", line 180, in _do_get
    self._dec_overflow()
  File "/home/aadminn/.local/lib/python3.8/site-packages/sqlalchemy/util/langhelpers.py", line 146, in __exit__
    raise exc_value.with_traceback(exc_tb)
  File "/home/aadminn/.local/lib/python3.8/site-packages/sqlalchemy/pool/impl.py", line 177, in _do_get
    return self._create_connection()
  File "/home/aadminn/.local/lib/python3.8/site-packages/sqlalchemy/pool/base.py", line 390, in _create_connection
    return _ConnectionRecord(self)
  File "/home/aadminn/.local/lib/python3.8/site-packages/sqlalchemy/pool/base.py", line 674, in __init__
    self.__connect()
  File "/home/aadminn/.local/lib/python3.8/site-packages/sqlalchemy/pool/base.py", line 901, in __connect
    pool.logger.debug("Error on connect(): %s", e)
  File "/home/aadminn/.local/lib/python3.8/site-packages/sqlalchemy/util/langhelpers.py", line 146, in __exit__
    raise exc_value.with_traceback(exc_tb)
  File "/home/aadminn/.local/lib/python3.8/site-packages/sqlalchemy/pool/base.py", line 896, in __connect
    self.dbapi_connection = connection = pool._invoke_creator(self)
  File "/home/aadminn/.local/lib/python3.8/site-packages/sqlalchemy/engine/create.py", line 643, in connect
    return dialect.connect(*cargs, **cparams)
  File "/home/aadminn/.local/lib/python3.8/site-packages/sqlalchemy/engine/default.py", line 621, in connect
    return self.loaded_dbapi.connect(*cargs, **cparams)
  File "/home/aadminn/.local/lib/python3.8/site-packages/psycopg/connection.py", line 738, in connect
    raise ex.with_traceback(None)
sqlalchemy.exc.OperationalError: (psycopg.OperationalError) connection is bad: No such file or directory
	Is the server running locally and accepting connections on that socket?
(Background on this error at: https://sqlalche.me/e/20/e3q8)
[start_servpy] warning: pg_ctl or data dir not found, skipping postgres start
Traceback (most recent call last):
  File "/home/aadminn/.local/lib/python3.8/site-packages/sqlalchemy/engine/base.py", line 146, in __init__
    self._dbapi_connection = engine.raw_connection()
  File "/home/aadminn/.local/lib/python3.8/site-packages/sqlalchemy/engine/base.py", line 3302, in raw_connection
    return self.pool.connect()
  File "/home/aadminn/.local/lib/python3.8/site-packages/sqlalchemy/pool/base.py", line 449, in connect
    return _ConnectionFairy._checkout(self)
  File "/home/aadminn/.local/lib/python3.8/site-packages/sqlalchemy/pool/base.py", line 1263, in _checkout
    fairy = _ConnectionRecord.checkout(pool)
  File "/home/aadminn/.local/lib/python3.8/site-packages/sqlalchemy/pool/base.py", line 712, in checkout
    rec = pool._do_get()
  File "/home/aadminn/.local/lib/python3.8/site-packages/sqlalchemy/pool/impl.py", line 180, in _do_get
    self._dec_overflow()
  File "/home/aadminn/.local/lib/python3.8/site-packages/sqlalchemy/util/langhelpers.py", line 146, in __exit__
    raise exc_value.with_traceback(exc_tb)
  File "/home/aadminn/.local/lib/python3.8/site-packages/sqlalchemy/pool/impl.py", line 177, in _do_get
    return self._create_connection()
  File "/home/aadminn/.local/lib/python3.8/site-packages/sqlalchemy/pool/base.py", line 390, in _create_connection
    return _ConnectionRecord(self)
  File "/home/aadminn/.local/lib/python3.8/site-packages/sqlalchemy/pool/base.py", line 674, in __init__
    self.__connect()
  File "/home/aadminn/.local/lib/python3.8/site-packages/sqlalchemy/pool/base.py", line 901, in __connect
    pool.logger.debug("Error on connect(): %s", e)
  File "/home/aadminn/.local/lib/python3.8/site-packages/sqlalchemy/util/langhelpers.py", line 146, in __exit__
    raise exc_value.with_traceback(exc_tb)
  File "/home/aadminn/.local/lib/python3.8/site-packages/sqlalchemy/pool/base.py", line 896, in __connect
    self.dbapi_connection = connection = pool._invoke_creator(self)
  File "/home/aadminn/.local/lib/python3.8/site-packages/sqlalchemy/engine/create.py", line 643, in connect
    return dialect.connect(*cargs, **cparams)
  File "/home/aadminn/.local/lib/python3.8/site-packages/sqlalchemy/engine/default.py", line 621, in connect
    return self.loaded_dbapi.connect(*cargs, **cparams)
  File "/home/aadminn/.local/lib/python3.8/site-packages/psycopg/connection.py", line 738, in connect
    raise ex.with_traceback(None)
psycopg.OperationalError: connection is bad: No such file or directory
	Is the server running locally and accepting connections on that socket?

The above exception was the direct cause of the following exception:

Traceback (most recent call last):
  File "/usr/lib/python3.8/runpy.py", line 194, in _run_module_as_main
    return _run_code(code, main_globals, None,
  File "/usr/lib/python3.8/runpy.py", line 87, in _run_code
    exec(code, run_globals)
  File "/home/aadminn/.local/lib/python3.8/site-packages/uvicorn/__main__.py", line 4, in <module>
    uvicorn.main()
  File "/usr/lib/python3/dist-packages/click/core.py", line 764, in __call__
    return self.main(*args, **kwargs)
  File "/usr/lib/python3/dist-packages/click/core.py", line 717, in main
    rv = self.invoke(ctx)
  File "/usr/lib/python3/dist-packages/click/core.py", line 956, in invoke
    return ctx.invoke(self.callback, **ctx.params)
  File "/usr/lib/python3/dist-packages/click/core.py", line 555, in invoke
    return callback(*args, **kwargs)
  File "/home/aadminn/.local/lib/python3.8/site-packages/uvicorn/main.py", line 416, in main
    run(
  File "/home/aadminn/.local/lib/python3.8/site-packages/uvicorn/main.py", line 587, in run
    server.run()
  File "/home/aadminn/.local/lib/python3.8/site-packages/uvicorn/server.py", line 61, in run
    return asyncio.run(self.serve(sockets=sockets))
  File "/usr/lib/python3.8/asyncio/runners.py", line 44, in run
    return loop.run_until_complete(main)
  File "uvloop/loop.pyx", line 1518, in uvloop.loop.Loop.run_until_complete
  File "/home/aadminn/.local/lib/python3.8/site-packages/uvicorn/server.py", line 68, in serve
    config.load()
  File "/home/aadminn/.local/lib/python3.8/site-packages/uvicorn/config.py", line 467, in load
    self.loaded_app = import_from_string(self.app)
  File "/home/aadminn/.local/lib/python3.8/site-packages/uvicorn/importer.py", line 21, in import_from_string
    module = importlib.import_module(module_str)
  File "/usr/lib/python3.8/importlib/__init__.py", line 127, in import_module
    return _bootstrap._gcd_import(name[level:], package, level)
  File "<frozen importlib._bootstrap>", line 1014, in _gcd_import
  File "<frozen importlib._bootstrap>", line 991, in _find_and_load
  File "<frozen importlib._bootstrap>", line 975, in _find_and_load_unlocked
  File "<frozen importlib._bootstrap>", line 671, in _load_unlocked
  File "<frozen importlib._bootstrap_external>", line 848, in exec_module
  File "<frozen importlib._bootstrap>", line 219, in _call_with_frames_removed
  File "/home/aadminn/Ttree/TTree/servpy/app/main.py", line 18, in <module>
    from .data_store import (
  File "/home/aadminn/Ttree/TTree/servpy/app/data_store.py", line 22, in <module>
    init_schema()
  File "/home/aadminn/Ttree/TTree/servpy/app/schema.py", line 184, in init_schema
    _init_postgres_schema()
  File "/home/aadminn/Ttree/TTree/servpy/app/schema.py", line 177, in _init_postgres_schema
    execute(stmt)
  File "/home/aadminn/Ttree/TTree/servpy/app/db.py", line 130, in execute
    return CONN.execute(sql, params)
  File "/home/aadminn/Ttree/TTree/servpy/app/db.py", line 109, in execute
    with self.engine.begin() as conn:
  File "/usr/lib/python3.8/contextlib.py", line 113, in __enter__
    return next(self.gen)
  File "/home/aadminn/.local/lib/python3.8/site-packages/sqlalchemy/engine/base.py", line 3242, in begin
    with self.connect() as conn:
  File "/home/aadminn/.local/lib/python3.8/site-packages/sqlalchemy/engine/base.py", line 3278, in connect
    return self._connection_cls(self)
  File "/home/aadminn/.local/lib/python3.8/site-packages/sqlalchemy/engine/base.py", line 148, in __init__
    Connection._handle_dbapi_exception_noconnection(
  File "/home/aadminn/.local/lib/python3.8/site-packages/sqlalchemy/engine/base.py", line 2442, in _handle_dbapi_exception_noconnection
    raise sqlalchemy_exception.with_traceback(exc_info[2]) from e
  File "/home/aadminn/.local/lib/python3.8/site-packages/sqlalchemy/engine/base.py", line 146, in __init__
    self._dbapi_connection = engine.raw_connection()
  File "/home/aadminn/.local/lib/python3.8/site-packages/sqlalchemy/engine/base.py", line 3302, in raw_connection
    return self.pool.connect()
  File "/home/aadminn/.local/lib/python3.8/site-packages/sqlalchemy/pool/base.py", line 449, in connect
    return _ConnectionFairy._checkout(self)
  File "/home/aadminn/.local/lib/python3.8/site-packages/sqlalchemy/pool/base.py", line 1263, in _checkout
    fairy = _ConnectionRecord.checkout(pool)
  File "/home/aadminn/.local/lib/python3.8/site-packages/sqlalchemy/pool/base.py", line 712, in checkout
    rec = pool._do_get()
  File "/home/aadminn/.local/lib/python3.8/site-packages/sqlalchemy/pool/impl.py", line 180, in _do_get
    self._dec_overflow()
  File "/home/aadminn/.local/lib/python3.8/site-packages/sqlalchemy/util/langhelpers.py", line 146, in __exit__
    raise exc_value.with_traceback(exc_tb)
  File "/home/aadminn/.local/lib/python3.8/site-packages/sqlalchemy/pool/impl.py", line 177, in _do_get
    return self._create_connection()
  File "/home/aadminn/.local/lib/python3.8/site-packages/sqlalchemy/pool/base.py", line 390, in _create_connection
    return _ConnectionRecord(self)
  File "/home/aadminn/.local/lib/python3.8/site-packages/sqlalchemy/pool/base.py", line 674, in __init__
    self.__connect()
  File "/home/aadminn/.local/lib/python3.8/site-packages/sqlalchemy/pool/base.py", line 901, in __connect
    pool.logger.debug("Error on connect(): %s", e)
  File "/home/aadminn/.local/lib/python3.8/site-packages/sqlalchemy/util/langhelpers.py", line 146, in __exit__
    raise exc_value.with_traceback(exc_tb)
  File "/home/aadminn/.local/lib/python3.8/site-packages/sqlalchemy/pool/base.py", line 896, in __connect
    self.dbapi_connection = connection = pool._invoke_creator(self)
  File "/home/aadminn/.local/lib/python3.8/site-packages/sqlalchemy/engine/create.py", line 643, in connect
    return dialect.connect(*cargs, **cparams)
  File "/home/aadminn/.local/lib/python3.8/site-packages/sqlalchemy/engine/default.py", line 621, in connect
    return self.loaded_dbapi.connect(*cargs, **cparams)
  File "/home/aadminn/.local/lib/python3.8/site-packages/psycopg/connection.py", line 738, in connect
    raise ex.with_traceback(None)
sqlalchemy.exc.OperationalError: (psycopg.OperationalError) connection is bad: No such file or directory
	Is the server running locally and accepting connections on that socket?
(Background on this error at: https://sqlalche.me/e/20/e3q8)
[start_servpy] starting postgres cluster in /home/aadminn/pgdata
waiting for server to start.... done
server started
INFO:     Started server process [120037]
INFO:     Waiting for application startup.
INFO:     Application startup complete.
INFO:     Uvicorn running on http://0.0.0.0:4500 (Press CTRL+C to quit)
INFO:     Shutting down
INFO:     Waiting for application shutdown.
INFO:     Application shutdown complete.
INFO:     Finished server process [120037]
[start_servpy] starting postgres cluster in /home/aadminn/pgdata
waiting for server to start.... done
server started
INFO:     Started server process [2051]
INFO:     Waiting for application startup.
INFO:     Application startup complete.
INFO:     Uvicorn running on http://0.0.0.0:4500 (Press CTRL+C to quit)
INFO:     Shutting down
INFO:     Waiting for application shutdown.
INFO:     Application shutdown complete.
INFO:     Finished server process [2051]
[start_servpy] starting postgres cluster in /home/aadminn/pgdata
waiting for server to start.... done
server started
INFO:     Started server process [1446]
INFO:     Waiting for application startup.
INFO:     Application startup complete.
INFO:     Uvicorn running on http://0.0.0.0:4500 (Press CTRL+C to quit)
INFO:     45.128.129.106:13571 - "GET / HTTP/1.1" 200 OK
INFO:     45.128.129.106:13571 - "GET /style.css HTTP/1.1" 200 OK
INFO:     45.128.129.106:21647 - "GET /app.js HTTP/1.1" 200 OK
INFO:     45.128.129.106:21647 - "GET /routing.js HTTP/1.1" 200 OK
INFO:     45.128.129.106:13571 - "GET /events.js HTTP/1.1" 200 OK
INFO:     45.128.129.106:42809 - "GET /changelog.js HTTP/1.1" 200 OK
INFO:     45.128.129.106:13571 - "GET /state.js HTTP/1.1" 200 OK
INFO:     45.128.129.106:39715 - "GET /undo.js HTTP/1.1" 200 OK
INFO:     45.128.129.106:26717 - "GET /refs.js HTTP/1.1" 200 OK
INFO:     45.128.129.106:52231 - "GET /actions.js HTTP/1.1" 200 OK
INFO:     45.128.129.106:21647 - "GET /block.js HTTP/1.1" 200 OK
INFO:     45.128.129.106:52231 - "GET /title.js HTTP/1.1" 200 OK
INFO:     45.128.129.106:26717 - "GET /search.js HTTP/1.1" 200 OK
INFO:     45.128.129.106:39715 - "GET /sidebar.js HTTP/1.1" 200 OK
INFO:     45.128.129.106:42809 - "GET /article.js HTTP/1.1" 200 OK
INFO:     45.128.129.106:13571 - "GET /api.js HTTP/1.1" 200 OK
INFO:     45.128.129.106:21647 - "GET /exporter.js HTTP/1.1" 200 OK
INFO:     45.128.129.106:26717 - "GET /toast.js HTTP/1.1" 200 OK
INFO:     45.128.129.106:52231 - "GET /utils.js HTTP/1.1" 200 OK
INFO:     45.128.129.106:39715 - "GET /markdown.js HTTP/1.1" 200 OK
INFO:     45.128.129.106:42809 - "GET /modal.js HTTP/1.1" 200 OK
INFO:     45.128.129.106:26717 - "GET /api/changelog HTTP/1.1" 200 OK
INFO:     45.128.129.106:42809 - "GET /api/articles HTTP/1.1" 200 OK
INFO:     45.128.129.106:39715 - "GET /favicon.ico HTTP/1.1" 200 OK
INFO:     45.128.129.106:30355 - "GET /api/articles HTTP/1.1" 200 OK
INFO:     45.128.129.106:30355 - "GET /api/articles/4d493bf5-6492-4027-ac9a-ae04127db2e5 HTTP/1.1" 200 OK
INFO:     45.128.129.106:65437 - "PATCH /api/articles/4d493bf5-6492-4027-ac9a-ae04127db2e5/collapse HTTP/1.1" 200 OK
INFO:     45.128.129.106:61073 - "PATCH /api/articles/4d493bf5-6492-4027-ac9a-ae04127db2e5/blocks/72bde286-95b4-4c01-a9b5-d915722343eb HTTP/1.1" 200 OK
INFO:     45.128.129.106:45887 - "GET /api/articles/4d493bf5-6492-4027-ac9a-ae04127db2e5 HTTP/1.1" 200 OK
INFO:     45.128.129.106:15707 - "PATCH /api/articles/4d493bf5-6492-4027-ac9a-ae04127db2e5/collapse HTTP/1.1" 200 OK
INFO:     45.128.129.106:15707 - "PATCH /api/articles/4d493bf5-6492-4027-ac9a-ae04127db2e5/collapse HTTP/1.1" 200 OK
INFO:     45.128.129.106:15707 - "PATCH /api/articles/4d493bf5-6492-4027-ac9a-ae04127db2e5/collapse HTTP/1.1" 200 OK
INFO:     45.128.129.106:15707 - "PATCH /api/articles/4d493bf5-6492-4027-ac9a-ae04127db2e5/blocks/ffc743e4-2b73-4041-a47d-03ef5f56ac6e HTTP/1.1" 200 OK
INFO:     45.128.129.106:16223 - "GET /api/articles/4d493bf5-6492-4027-ac9a-ae04127db2e5 HTTP/1.1" 200 OK
INFO:     45.128.129.106:15713 - "PATCH /api/articles/4d493bf5-6492-4027-ac9a-ae04127db2e5/collapse HTTP/1.1" 200 OK
INFO:     45.128.129.106:15713 - "PATCH /api/articles/4d493bf5-6492-4027-ac9a-ae04127db2e5/collapse HTTP/1.1" 200 OK
INFO:     45.128.129.106:11643 - "GET /article/4d493bf5-6492-4027-ac9a-ae04127db2e5 HTTP/1.1" 200 OK
INFO:     45.128.129.106:11643 - "GET /style.css HTTP/1.1" 200 OK
INFO:     45.128.129.106:45653 - "GET /app.js HTTP/1.1" 200 OK
INFO:     45.128.129.106:45653 - "GET /routing.js HTTP/1.1" 200 OK
INFO:     45.128.129.106:11643 - "GET /events.js HTTP/1.1" 200 OK
INFO:     45.128.129.106:43505 - "GET /changelog.js HTTP/1.1" 200 OK
INFO:     45.128.129.106:11643 - "GET /state.js HTTP/1.1" 200 OK
INFO:     45.128.129.106:44837 - "GET /refs.js HTTP/1.1" 200 OK
INFO:     45.128.129.106:15273 - "GET /undo.js HTTP/1.1" 200 OK
INFO:     45.128.129.106:45653 - "GET /block.js HTTP/1.1" 200 OK
INFO:     45.128.129.106:3131 - "GET /actions.js HTTP/1.1" 200 OK
INFO:     45.128.129.106:43505 - "GET /search.js HTTP/1.1" 200 OK
INFO:     45.128.129.106:44837 - "GET /title.js HTTP/1.1" 200 OK
INFO:     45.128.129.106:15273 - "GET /sidebar.js HTTP/1.1" 200 OK
INFO:     45.128.129.106:3131 - "GET /article.js HTTP/1.1" 200 OK
INFO:     45.128.129.106:45653 - "GET /exporter.js HTTP/1.1" 200 OK
INFO:     45.128.129.106:11643 - "GET /api.js HTTP/1.1" 200 OK
INFO:     45.128.129.106:43505 - "GET /toast.js HTTP/1.1" 200 OK
INFO:     45.128.129.106:44837 - "GET /utils.js HTTP/1.1" 200 OK
INFO:     45.128.129.106:15273 - "GET /markdown.js HTTP/1.1" 200 OK
INFO:     45.128.129.106:3131 - "GET /modal.js HTTP/1.1" 200 OK
INFO:     45.128.129.106:43505 - "GET /api/changelog HTTP/1.1" 200 OK
INFO:     45.128.129.106:15273 - "GET /favicon.ico HTTP/1.1" 200 OK
INFO:     45.128.129.106:3131 - "GET /api/articles HTTP/1.1" 200 OK
INFO:     45.128.129.106:3131 - "GET /api/articles/4d493bf5-6492-4027-ac9a-ae04127db2e5 HTTP/1.1" 200 OK
INFO:     45.128.129.106:53613 - "GET /article/4d493bf5-6492-4027-ac9a-ae04127db2e5 HTTP/1.1" 200 OK
INFO:     45.128.129.106:53613 - "GET /style.css HTTP/1.1" 200 OK
INFO:     45.128.129.106:52453 - "GET /app.js HTTP/1.1" 200 OK
INFO:     45.128.129.106:52453 - "GET /routing.js HTTP/1.1" 200 OK
INFO:     45.128.129.106:53613 - "GET /events.js HTTP/1.1" 200 OK
INFO:     45.128.129.106:55799 - "GET /changelog.js HTTP/1.1" 200 OK
INFO:     45.128.129.106:53613 - "GET /state.js HTTP/1.1" 200 OK
INFO:     45.128.129.106:13771 - "GET /refs.js HTTP/1.1" 200 OK
INFO:     45.128.129.106:37877 - "GET /undo.js HTTP/1.1" 200 OK
INFO:     45.128.129.106:15393 - "GET /actions.js HTTP/1.1" 200 OK
INFO:     45.128.129.106:52453 - "GET /block.js HTTP/1.1" 200 OK
INFO:     45.128.129.106:55799 - "GET /search.js HTTP/1.1" 200 OK
INFO:     45.128.129.106:13771 - "GET /title.js HTTP/1.1" 200 OK
INFO:     45.128.129.106:37877 - "GET /sidebar.js HTTP/1.1" 200 OK
INFO:     45.128.129.106:15393 - "GET /article.js HTTP/1.1" 200 OK
INFO:     45.128.129.106:52453 - "GET /exporter.js HTTP/1.1" 200 OK
INFO:     45.128.129.106:55799 - "GET /api.js HTTP/1.1" 200 OK
INFO:     45.128.129.106:53613 - "GET /toast.js HTTP/1.1" 200 OK
INFO:     45.128.129.106:13771 - "GET /utils.js HTTP/1.1" 200 OK
INFO:     45.128.129.106:37877 - "GET /markdown.js HTTP/1.1" 200 OK
INFO:     45.128.129.106:15393 - "GET /modal.js HTTP/1.1" 200 OK
INFO:     45.128.129.106:37877 - "GET /favicon.ico HTTP/1.1" 200 OK
INFO:     45.128.129.106:53613 - "GET /api/changelog HTTP/1.1" 200 OK
INFO:     45.128.129.106:15393 - "GET /api/articles HTTP/1.1" 200 OK
INFO:     45.128.129.106:15393 - "GET /api/articles/4d493bf5-6492-4027-ac9a-ae04127db2e5 HTTP/1.1" 200 OK
INFO:     45.128.129.106:50971 - "GET /article/4d493bf5-6492-4027-ac9a-ae04127db2e5 HTTP/1.1" 200 OK
INFO:     45.128.129.106:50971 - "GET /style.css HTTP/1.1" 200 OK
INFO:     45.128.129.106:29671 - "GET /app.js HTTP/1.1" 200 OK
INFO:     45.128.129.106:29671 - "GET /routing.js HTTP/1.1" 200 OK
INFO:     45.128.129.106:50971 - "GET /events.js HTTP/1.1" 200 OK
INFO:     45.128.129.106:55797 - "GET /changelog.js HTTP/1.1" 200 OK
INFO:     45.128.129.106:50971 - "GET /state.js HTTP/1.1" 200 OK
INFO:     45.128.129.106:58287 - "GET /undo.js HTTP/1.1" 200 OK
INFO:     45.128.129.106:31361 - "GET /actions.js HTTP/1.1" 200 OK
INFO:     45.128.129.106:49385 - "GET /refs.js HTTP/1.1" 200 OK
INFO:     45.128.129.106:29671 - "GET /block.js HTTP/1.1" 200 OK
INFO:     45.128.129.106:55797 - "GET /search.js HTTP/1.1" 200 OK
INFO:     45.128.129.106:49385 - "GET /title.js HTTP/1.1" 200 OK
INFO:     45.128.129.106:58287 - "GET /article.js HTTP/1.1" 200 OK
INFO:     45.128.129.106:31361 - "GET /sidebar.js HTTP/1.1" 200 OK
INFO:     45.128.129.106:29671 - "GET /exporter.js HTTP/1.1" 200 OK
INFO:     45.128.129.106:55797 - "GET /api.js HTTP/1.1" 200 OK
INFO:     45.128.129.106:50971 - "GET /toast.js HTTP/1.1" 200 OK
INFO:     45.128.129.106:58287 - "GET /utils.js HTTP/1.1" 200 OK
INFO:     45.128.129.106:49385 - "GET /markdown.js HTTP/1.1" 200 OK
INFO:     45.128.129.106:31361 - "GET /modal.js HTTP/1.1" 200 OK
INFO:     45.128.129.106:50971 - "GET /api/changelog HTTP/1.1" 200 OK
INFO:     45.128.129.106:31361 - "GET /api/articles HTTP/1.1" 200 OK
INFO:     45.128.129.106:49385 - "GET /favicon.ico HTTP/1.1" 200 OK
INFO:     45.128.129.106:49385 - "GET /api/articles/4d493bf5-6492-4027-ac9a-ae04127db2e5 HTTP/1.1" 200 OK
INFO:     45.128.129.106:49385 - "GET /article/4d493bf5-6492-4027-ac9a-ae04127db2e5 HTTP/1.1" 200 OK
INFO:     45.128.129.106:49385 - "GET /style.css HTTP/1.1" 200 OK
INFO:     45.128.129.106:31361 - "GET /app.js HTTP/1.1" 200 OK
INFO:     45.128.129.106:31361 - "GET /routing.js HTTP/1.1" 200 OK
INFO:     45.128.129.106:50971 - "GET /changelog.js HTTP/1.1" 200 OK
INFO:     45.128.129.106:49385 - "GET /events.js HTTP/1.1" 200 OK
INFO:     45.128.129.106:49385 - "GET /state.js HTTP/1.1" 200 OK
INFO:     45.128.129.106:58287 - "GET /refs.js HTTP/1.1" 200 OK
INFO:     45.128.129.106:29671 - "GET /actions.js HTTP/1.1" 200 OK
INFO:     45.128.129.106:55797 - "GET /undo.js HTTP/1.1" 200 OK
INFO:     45.128.129.106:31361 - "GET /block.js HTTP/1.1" 200 OK
INFO:     45.128.129.106:50971 - "GET /search.js HTTP/1.1" 200 OK
INFO:     45.128.129.106:58287 - "GET /title.js HTTP/1.1" 200 OK
INFO:     45.128.129.106:29671 - "GET /sidebar.js HTTP/1.1" 200 OK
INFO:     45.128.129.106:55797 - "GET /article.js HTTP/1.1" 200 OK
INFO:     45.128.129.106:50971 - "GET /exporter.js HTTP/1.1" 200 OK
INFO:     45.128.129.106:31361 - "GET /api.js HTTP/1.1" 200 OK
INFO:     45.128.129.106:49385 - "GET /toast.js HTTP/1.1" 200 OK
INFO:     45.128.129.106:55797 - "GET /utils.js HTTP/1.1" 200 OK
INFO:     45.128.129.106:58287 - "GET /modal.js HTTP/1.1" 200 OK
INFO:     45.128.129.106:50971 - "GET /markdown.js HTTP/1.1" 200 OK
INFO:     45.128.129.106:49385 - "GET /api/changelog HTTP/1.1" 200 OK
INFO:     45.128.129.106:58287 - "GET /favicon.ico HTTP/1.1" 200 OK
INFO:     45.128.129.106:50971 - "GET /api/articles HTTP/1.1" 200 OK
INFO:     45.128.129.106:50971 - "GET /api/articles/4d493bf5-6492-4027-ac9a-ae04127db2e5 HTTP/1.1" 200 OK
INFO:     45.128.129.106:53589 - "GET /article/4d493bf5-6492-4027-ac9a-ae04127db2e5 HTTP/1.1" 200 OK
INFO:     45.128.129.106:53589 - "GET /style.css HTTP/1.1" 200 OK
INFO:     45.128.129.106:10055 - "GET /app.js HTTP/1.1" 200 OK
INFO:     45.128.129.106:10055 - "GET /routing.js HTTP/1.1" 200 OK
INFO:     45.128.129.106:53589 - "GET /events.js HTTP/1.1" 200 OK
INFO:     45.128.129.106:28191 - "GET /changelog.js HTTP/1.1" 200 OK
INFO:     45.128.129.106:53589 - "GET /state.js HTTP/1.1" 200 OK
INFO:     45.128.129.106:55307 - "GET /refs.js HTTP/1.1" 200 OK
INFO:     45.128.129.106:59363 - "GET /undo.js HTTP/1.1" 200 OK
INFO:     45.128.129.106:28857 - "GET /actions.js HTTP/1.1" 200 OK
INFO:     45.128.129.106:10055 - "GET /block.js HTTP/1.1" 200 OK
INFO:     45.128.129.106:28191 - "GET /search.js HTTP/1.1" 200 OK
INFO:     45.128.129.106:55307 - "GET /title.js HTTP/1.1" 200 OK
INFO:     45.128.129.106:59363 - "GET /sidebar.js HTTP/1.1" 200 OK
INFO:     45.128.129.106:28857 - "GET /article.js HTTP/1.1" 200 OK
INFO:     45.128.129.106:10055 - "GET /exporter.js HTTP/1.1" 200 OK
INFO:     45.128.129.106:53589 - "GET /api.js HTTP/1.1" 200 OK
INFO:     45.128.129.106:55307 - "GET /toast.js HTTP/1.1" 200 OK
INFO:     45.128.129.106:28191 - "GET /utils.js HTTP/1.1" 200 OK
INFO:     45.128.129.106:59363 - "GET /markdown.js HTTP/1.1" 200 OK
INFO:     45.128.129.106:28857 - "GET /modal.js HTTP/1.1" 200 OK
INFO:     45.128.129.106:55307 - "GET /api/changelog HTTP/1.1" 200 OK
INFO:     45.128.129.106:59363 - "GET /favicon.ico HTTP/1.1" 200 OK
INFO:     45.128.129.106:28857 - "GET /api/articles HTTP/1.1" 200 OK
INFO:     45.128.129.106:59363 - "GET /api/articles/4d493bf5-6492-4027-ac9a-ae04127db2e5 HTTP/1.1" 200 OK
INFO:     45.128.129.106:29479 - "GET /article/4d493bf5-6492-4027-ac9a-ae04127db2e5 HTTP/1.1" 200 OK
INFO:     45.128.129.106:29479 - "GET /style.css HTTP/1.1" 200 OK
INFO:     45.128.129.106:55501 - "GET /app.js HTTP/1.1" 200 OK
INFO:     45.128.129.106:29479 - "GET /events.js HTTP/1.1" 200 OK
INFO:     45.128.129.106:55501 - "GET /routing.js HTTP/1.1" 200 OK
INFO:     45.128.129.106:53181 - "GET /changelog.js HTTP/1.1" 200 OK
INFO:     45.128.129.106:29479 - "GET /state.js HTTP/1.1" 200 OK
INFO:     45.128.129.106:8435 - "GET /undo.js HTTP/1.1" 200 OK
INFO:     45.128.129.106:34895 - "GET /refs.js HTTP/1.1" 200 OK
INFO:     45.128.129.106:2359 - "GET /actions.js HTTP/1.1" 200 OK
INFO:     45.128.129.106:55501 - "GET /block.js HTTP/1.1" 200 OK
INFO:     45.128.129.106:53181 - "GET /search.js HTTP/1.1" 200 OK
INFO:     45.128.129.106:8435 - "GET /title.js HTTP/1.1" 200 OK
INFO:     45.128.129.106:29479 - "GET /article.js HTTP/1.1" 200 OK
INFO:     45.128.129.106:34895 - "GET /sidebar.js HTTP/1.1" 200 OK
INFO:     45.128.129.106:2359 - "GET /exporter.js HTTP/1.1" 200 OK
INFO:     45.128.129.106:55501 - "GET /api.js HTTP/1.1" 200 OK
INFO:     45.128.129.106:53181 - "GET /toast.js HTTP/1.1" 200 OK
INFO:     45.128.129.106:8435 - "GET /utils.js HTTP/1.1" 200 OK
INFO:     45.128.129.106:34895 - "GET /markdown.js HTTP/1.1" 200 OK
INFO:     45.128.129.106:29479 - "GET /modal.js HTTP/1.1" 200 OK
INFO:     45.128.129.106:53181 - "GET /api/changelog HTTP/1.1" 200 OK
INFO:     45.128.129.106:29479 - "GET /api/articles HTTP/1.1" 200 OK
INFO:     45.128.129.106:34895 - "GET /favicon.ico HTTP/1.1" 200 OK
INFO:     45.128.129.106:34895 - "GET /api/articles/4d493bf5-6492-4027-ac9a-ae04127db2e5 HTTP/1.1" 200 OK
INFO:     45.128.129.106:16165 - "GET /article/4d493bf5-6492-4027-ac9a-ae04127db2e5 HTTP/1.1" 200 OK
INFO:     45.128.129.106:16165 - "GET /style.css HTTP/1.1" 200 OK
INFO:     45.128.129.106:62907 - "GET /app.js HTTP/1.1" 200 OK
INFO:     45.128.129.106:16165 - "GET /events.js HTTP/1.1" 200 OK
INFO:     45.128.129.106:62907 - "GET /routing.js HTTP/1.1" 200 OK
INFO:     45.128.129.106:63979 - "GET /changelog.js HTTP/1.1" 200 OK
INFO:     45.128.129.106:16165 - "GET /state.js HTTP/1.1" 200 OK
INFO:     45.128.129.106:5797 - "GET /refs.js HTTP/1.1" 200 OK
INFO:     45.128.129.106:41435 - "GET /undo.js HTTP/1.1" 200 OK
INFO:     45.128.129.106:45403 - "GET /actions.js HTTP/1.1" 200 OK
INFO:     45.128.129.106:62907 - "GET /block.js HTTP/1.1" 200 OK
INFO:     45.128.129.106:63979 - "GET /search.js HTTP/1.1" 200 OK
INFO:     45.128.129.106:41435 - "GET /title.js HTTP/1.1" 200 OK
INFO:     45.128.129.106:5797 - "GET /sidebar.js HTTP/1.1" 200 OK
INFO:     45.128.129.106:45403 - "GET /article.js HTTP/1.1" 200 OK
INFO:     45.128.129.106:16165 - "GET /exporter.js HTTP/1.1" 200 OK
INFO:     45.128.129.106:62907 - "GET /api.js HTTP/1.1" 200 OK
INFO:     45.128.129.106:63979 - "GET /toast.js HTTP/1.1" 200 OK
INFO:     45.128.129.106:41435 - "GET /utils.js HTTP/1.1" 200 OK
INFO:     45.128.129.106:5797 - "GET /markdown.js HTTP/1.1" 200 OK
INFO:     45.128.129.106:45403 - "GET /modal.js HTTP/1.1" 200 OK
INFO:     45.128.129.106:63979 - "GET /api/changelog HTTP/1.1" 200 OK
INFO:     45.128.129.106:45403 - "GET /api/articles HTTP/1.1" 200 OK
INFO:     45.128.129.106:5797 - "GET /favicon.ico HTTP/1.1" 200 OK
INFO:     45.128.129.106:45403 - "GET /api/articles/4d493bf5-6492-4027-ac9a-ae04127db2e5 HTTP/1.1" 200 OK
INFO:     45.128.129.106:2777 - "GET /article/4d493bf5-6492-4027-ac9a-ae04127db2e5 HTTP/1.1" 200 OK
INFO:     45.128.129.106:2777 - "GET /style.css HTTP/1.1" 200 OK
INFO:     45.128.129.106:2263 - "GET /app.js HTTP/1.1" 200 OK
INFO:     45.128.129.106:2263 - "GET /routing.js HTTP/1.1" 200 OK
INFO:     45.128.129.106:2777 - "GET /events.js HTTP/1.1" 200 OK
INFO:     45.128.129.106:18181 - "GET /changelog.js HTTP/1.1" 200 OK
INFO:     45.128.129.106:2777 - "GET /state.js HTTP/1.1" 200 OK
INFO:     45.128.129.106:5391 - "GET /refs.js HTTP/1.1" 200 OK
INFO:     45.128.129.106:2263 - "GET /block.js HTTP/1.1" 200 OK
INFO:     45.128.129.106:12757 - "GET /undo.js HTTP/1.1" 200 OK
INFO:     45.128.129.106:3209 - "GET /actions.js HTTP/1.1" 200 OK
INFO:     45.128.129.106:18181 - "GET /search.js HTTP/1.1" 200 OK
INFO:     45.128.129.106:5391 - "GET /title.js HTTP/1.1" 200 OK
INFO:     45.128.129.106:12757 - "GET /sidebar.js HTTP/1.1" 200 OK
INFO:     45.128.129.106:3209 - "GET /article.js HTTP/1.1" 200 OK
INFO:     45.128.129.106:2263 - "GET /exporter.js HTTP/1.1" 200 OK
INFO:     45.128.129.106:18181 - "GET /api.js HTTP/1.1" 200 OK
INFO:     45.128.129.106:2777 - "GET /toast.js HTTP/1.1" 200 OK
INFO:     45.128.129.106:5391 - "GET /utils.js HTTP/1.1" 200 OK
INFO:     45.128.129.106:12757 - "GET /markdown.js HTTP/1.1" 200 OK
INFO:     45.128.129.106:3209 - "GET /modal.js HTTP/1.1" 200 OK
INFO:     45.128.129.106:12757 - "GET /favicon.ico HTTP/1.1" 200 OK
INFO:     45.128.129.106:2777 - "GET /api/changelog HTTP/1.1" 200 OK
INFO:     45.128.129.106:3209 - "GET /api/articles HTTP/1.1" 200 OK
INFO:     45.128.129.106:3209 - "GET /api/articles/4d493bf5-6492-4027-ac9a-ae04127db2e5 HTTP/1.1" 200 OK
INFO:     45.128.129.106:49411 - "GET /article/4d493bf5-6492-4027-ac9a-ae04127db2e5 HTTP/1.1" 200 OK
INFO:     45.128.129.106:49411 - "GET /style.css HTTP/1.1" 200 OK
INFO:     45.128.129.106:49933 - "GET /app.js HTTP/1.1" 200 OK
INFO:     45.128.129.106:49933 - "GET /routing.js HTTP/1.1" 200 OK
INFO:     45.128.129.106:49411 - "GET /events.js HTTP/1.1" 200 OK
INFO:     45.128.129.106:47283 - "GET /changelog.js HTTP/1.1" 200 OK
INFO:     45.128.129.106:49411 - "GET /state.js HTTP/1.1" 200 OK
INFO:     45.128.129.106:10549 - "GET /refs.js HTTP/1.1" 200 OK
INFO:     45.128.129.106:62957 - "GET /actions.js HTTP/1.1" 200 OK
INFO:     45.128.129.106:37037 - "GET /undo.js HTTP/1.1" 200 OK
INFO:     45.128.129.106:49933 - "GET /block.js HTTP/1.1" 200 OK
INFO:     45.128.129.106:47283 - "GET /search.js HTTP/1.1" 200 OK
INFO:     45.128.129.106:62957 - "GET /sidebar.js HTTP/1.1" 200 OK
INFO:     45.128.129.106:10549 - "GET /title.js HTTP/1.1" 200 OK
INFO:     45.128.129.106:37037 - "GET /article.js HTTP/1.1" 200 OK
INFO:     45.128.129.106:49411 - "GET /exporter.js HTTP/1.1" 200 OK
INFO:     45.128.129.106:49933 - "GET /api.js HTTP/1.1" 200 OK
INFO:     45.128.129.106:47283 - "GET /toast.js HTTP/1.1" 200 OK
INFO:     45.128.129.106:10549 - "GET /utils.js HTTP/1.1" 200 OK
INFO:     45.128.129.106:62957 - "GET /markdown.js HTTP/1.1" 200 OK
INFO:     45.128.129.106:37037 - "GET /modal.js HTTP/1.1" 200 OK
INFO:     45.128.129.106:47283 - "GET /api/changelog HTTP/1.1" 200 OK
INFO:     45.128.129.106:10549 - "GET /favicon.ico HTTP/1.1" 200 OK
INFO:     45.128.129.106:37037 - "GET /api/articles HTTP/1.1" 200 OK
INFO:     45.128.129.106:37037 - "GET /api/articles/4d493bf5-6492-4027-ac9a-ae04127db2e5 HTTP/1.1" 200 OK
INFO:     45.128.129.106:57351 - "PATCH /api/articles/4d493bf5-6492-4027-ac9a-ae04127db2e5/collapse HTTP/1.1" 200 OK
INFO:     45.128.129.106:57351 - "PATCH /api/articles/4d493bf5-6492-4027-ac9a-ae04127db2e5/collapse HTTP/1.1" 200 OK
INFO:     45.128.129.106:57351 - "PATCH /api/articles/4d493bf5-6492-4027-ac9a-ae04127db2e5/collapse HTTP/1.1" 200 OK
INFO:     45.128.129.106:57351 - "PATCH /api/articles/4d493bf5-6492-4027-ac9a-ae04127db2e5/collapse HTTP/1.1" 200 OK
INFO:     45.128.129.106:57351 - "PATCH /api/articles/4d493bf5-6492-4027-ac9a-ae04127db2e5/collapse HTTP/1.1" 200 OK
INFO:     45.128.129.106:57351 - "PATCH /api/articles/4d493bf5-6492-4027-ac9a-ae04127db2e5/collapse HTTP/1.1" 200 OK
INFO:     45.128.129.106:57351 - "PATCH /api/articles/4d493bf5-6492-4027-ac9a-ae04127db2e5/collapse HTTP/1.1" 200 OK
INFO:     45.128.129.106:57351 - "PATCH /api/articles/4d493bf5-6492-4027-ac9a-ae04127db2e5/collapse HTTP/1.1" 200 OK
INFO:     45.128.129.106:57351 - "PATCH /api/articles/4d493bf5-6492-4027-ac9a-ae04127db2e5/collapse HTTP/1.1" 200 OK
INFO:     45.128.129.106:57351 - "PATCH /api/articles/4d493bf5-6492-4027-ac9a-ae04127db2e5/collapse HTTP/1.1" 200 OK
INFO:     45.128.129.106:57351 - "PATCH /api/articles/4d493bf5-6492-4027-ac9a-ae04127db2e5/collapse HTTP/1.1" 200 OK
INFO:     45.128.129.106:57351 - "PATCH /api/articles/4d493bf5-6492-4027-ac9a-ae04127db2e5/collapse HTTP/1.1" 200 OK
INFO:     45.128.129.106:57351 - "PATCH /api/articles/4d493bf5-6492-4027-ac9a-ae04127db2e5/collapse HTTP/1.1" 200 OK
INFO:     45.128.129.106:57351 - "PATCH /api/articles/4d493bf5-6492-4027-ac9a-ae04127db2e5/collapse HTTP/1.1" 200 OK
INFO:     45.128.129.106:57351 - "PATCH /api/articles/4d493bf5-6492-4027-ac9a-ae04127db2e5/collapse HTTP/1.1" 200 OK
INFO:     45.128.129.106:57351 - "PATCH /api/articles/4d493bf5-6492-4027-ac9a-ae04127db2e5/collapse HTTP/1.1" 200 OK
INFO:     45.128.129.106:57351 - "PATCH /api/articles/4d493bf5-6492-4027-ac9a-ae04127db2e5/collapse HTTP/1.1" 200 OK
INFO:     45.128.129.106:57351 - "PATCH /api/articles/4d493bf5-6492-4027-ac9a-ae04127db2e5/collapse HTTP/1.1" 200 OK
INFO:     45.128.129.106:57351 - "PATCH /api/articles/4d493bf5-6492-4027-ac9a-ae04127db2e5/collapse HTTP/1.1" 200 OK
INFO:     45.128.129.106:57351 - "PATCH /api/articles/4d493bf5-6492-4027-ac9a-ae04127db2e5/collapse HTTP/1.1" 200 OK
INFO:     45.128.129.106:57351 - "PATCH /api/articles/4d493bf5-6492-4027-ac9a-ae04127db2e5/collapse HTTP/1.1" 200 OK
INFO:     45.128.129.106:57351 - "PATCH /api/articles/4d493bf5-6492-4027-ac9a-ae04127db2e5/collapse HTTP/1.1" 200 OK
INFO:     45.128.129.106:57351 - "PATCH /api/articles/4d493bf5-6492-4027-ac9a-ae04127db2e5/collapse HTTP/1.1" 200 OK
INFO:     45.128.129.106:57351 - "PATCH /api/articles/4d493bf5-6492-4027-ac9a-ae04127db2e5/collapse HTTP/1.1" 200 OK
INFO:     45.128.129.106:57351 - "PATCH /api/articles/4d493bf5-6492-4027-ac9a-ae04127db2e5/collapse HTTP/1.1" 200 OK
INFO:     45.128.129.106:57351 - "PATCH /api/articles/4d493bf5-6492-4027-ac9a-ae04127db2e5/collapse HTTP/1.1" 200 OK
INFO:     45.128.129.106:57351 - "PATCH /api/articles/4d493bf5-6492-4027-ac9a-ae04127db2e5/collapse HTTP/1.1" 200 OK
INFO:     45.128.129.106:57351 - "PATCH /api/articles/4d493bf5-6492-4027-ac9a-ae04127db2e5/collapse HTTP/1.1" 200 OK
INFO:     45.128.129.106:11441 - "GET /article/4d493bf5-6492-4027-ac9a-ae04127db2e5 HTTP/1.1" 200 OK
INFO:     45.128.129.106:11441 - "GET /style.css HTTP/1.1" 200 OK
INFO:     45.128.129.106:56037 - "GET /app.js HTTP/1.1" 200 OK
INFO:     45.128.129.106:56037 - "GET /routing.js HTTP/1.1" 200 OK
INFO:     45.128.129.106:11441 - "GET /events.js HTTP/1.1" 200 OK
INFO:     45.128.129.106:28899 - "GET /changelog.js HTTP/1.1" 200 OK
INFO:     45.128.129.106:11441 - "GET /state.js HTTP/1.1" 200 OK
INFO:     45.128.129.106:56037 - "GET /block.js HTTP/1.1" 200 OK
INFO:     45.128.129.106:58867 - "GET /refs.js HTTP/1.1" 200 OK
INFO:     45.128.129.106:56647 - "GET /undo.js HTTP/1.1" 200 OK
INFO:     45.128.129.106:61025 - "GET /actions.js HTTP/1.1" 200 OK
INFO:     45.128.129.106:28899 - "GET /search.js HTTP/1.1" 200 OK
INFO:     45.128.129.106:56037 - "GET /title.js HTTP/1.1" 200 OK
INFO:     45.128.129.106:58867 - "GET /article.js HTTP/1.1" 200 OK
INFO:     45.128.129.106:56647 - "GET /exporter.js HTTP/1.1" 200 OK
INFO:     45.128.129.106:61025 - "GET /sidebar.js HTTP/1.1" 200 OK
INFO:     45.128.129.106:11441 - "GET /api.js HTTP/1.1" 200 OK
INFO:     45.128.129.106:28899 - "GET /toast.js HTTP/1.1" 200 OK
INFO:     45.128.129.106:56037 - "GET /utils.js HTTP/1.1" 200 OK
INFO:     45.128.129.106:56647 - "GET /modal.js HTTP/1.1" 200 OK
INFO:     45.128.129.106:58867 - "GET /markdown.js HTTP/1.1" 200 OK
INFO:     45.128.129.106:28899 - "GET /api/changelog HTTP/1.1" 200 OK
INFO:     45.128.129.106:58867 - "GET /api/articles HTTP/1.1" 200 OK
INFO:     45.128.129.106:56647 - "GET /favicon.ico HTTP/1.1" 200 OK
INFO:     45.128.129.106:56647 - "GET /api/articles/4d493bf5-6492-4027-ac9a-ae04127db2e5 HTTP/1.1" 200 OK
INFO:     45.128.129.106:26401 - "PATCH /api/articles/4d493bf5-6492-4027-ac9a-ae04127db2e5/collapse HTTP/1.1" 200 OK
INFO:     45.128.129.106:26401 - "PATCH /api/articles/4d493bf5-6492-4027-ac9a-ae04127db2e5/collapse HTTP/1.1" 200 OK
INFO:     45.128.129.106:26401 - "PATCH /api/articles/4d493bf5-6492-4027-ac9a-ae04127db2e5/collapse HTTP/1.1" 200 OK
INFO:     45.128.129.106:26401 - "PATCH /api/articles/4d493bf5-6492-4027-ac9a-ae04127db2e5/collapse HTTP/1.1" 200 OK
INFO:     45.128.129.106:26401 - "PATCH /api/articles/4d493bf5-6492-4027-ac9a-ae04127db2e5/collapse HTTP/1.1" 200 OK
INFO:     45.128.129.106:26401 - "PATCH /api/articles/4d493bf5-6492-4027-ac9a-ae04127db2e5/collapse HTTP/1.1" 200 OK
INFO:     45.128.129.106:1383 - "PATCH /api/articles/4d493bf5-6492-4027-ac9a-ae04127db2e5/collapse HTTP/1.1" 200 OK
INFO:     45.128.129.106:1383 - "PATCH /api/articles/4d493bf5-6492-4027-ac9a-ae04127db2e5/collapse HTTP/1.1" 200 OK
INFO:     45.128.129.106:64597 - "GET /article/4d493bf5-6492-4027-ac9a-ae04127db2e5 HTTP/1.1" 200 OK
INFO:     45.128.129.106:64597 - "GET /style.css HTTP/1.1" 200 OK
INFO:     45.128.129.106:37251 - "GET /app.js HTTP/1.1" 200 OK
INFO:     45.128.129.106:37251 - "GET /routing.js HTTP/1.1" 200 OK
INFO:     45.128.129.106:64597 - "GET /events.js HTTP/1.1" 200 OK
INFO:     45.128.129.106:38127 - "GET /changelog.js HTTP/1.1" 200 OK
INFO:     45.128.129.106:64597 - "GET /state.js HTTP/1.1" 200 OK
INFO:     45.128.129.106:37251 - "GET /block.js HTTP/1.1" 200 OK
INFO:     45.128.129.106:61437 - "GET /refs.js HTTP/1.1" 200 OK
INFO:     45.128.129.106:60673 - "GET /actions.js HTTP/1.1" 200 OK
INFO:     45.128.129.106:2237 - "GET /undo.js HTTP/1.1" 200 OK
INFO:     45.128.129.106:38127 - "GET /search.js HTTP/1.1" 200 OK
INFO:     45.128.129.106:61437 - "GET /article.js HTTP/1.1" 200 OK
INFO:     45.128.129.106:2237 - "GET /title.js HTTP/1.1" 200 OK
INFO:     45.128.129.106:60673 - "GET /exporter.js HTTP/1.1" 200 OK
INFO:     45.128.129.106:37251 - "GET /sidebar.js HTTP/1.1" 200 OK
INFO:     45.128.129.106:64597 - "GET /api.js HTTP/1.1" 200 OK
INFO:     45.128.129.106:38127 - "GET /toast.js HTTP/1.1" 200 OK
INFO:     45.128.129.106:61437 - "GET /utils.js HTTP/1.1" 200 OK
INFO:     45.128.129.106:37251 - "GET /markdown.js HTTP/1.1" 200 OK
INFO:     45.128.129.106:2237 - "GET /modal.js HTTP/1.1" 200 OK
INFO:     45.128.129.106:38127 - "GET /api/changelog HTTP/1.1" 200 OK
INFO:     45.128.129.106:2237 - "GET /api/articles HTTP/1.1" 200 OK
INFO:     45.128.129.106:37251 - "GET /favicon.ico HTTP/1.1" 200 OK
INFO:     45.128.129.106:37251 - "GET /api/articles/4d493bf5-6492-4027-ac9a-ae04127db2e5 HTTP/1.1" 200 OK
INFO:     45.128.129.106:11735 - "PATCH /api/articles/4d493bf5-6492-4027-ac9a-ae04127db2e5/collapse HTTP/1.1" 200 OK
INFO:     45.128.129.106:33859 - "PATCH /api/articles/4d493bf5-6492-4027-ac9a-ae04127db2e5/collapse HTTP/1.1" 200 OK
INFO:     142.252.8.147:58623 - "GET /article/4d493bf5-6492-4027-ac9a-ae04127db2e5 HTTP/1.1" 200 OK
INFO:     142.252.8.147:58623 - "GET /app.js HTTP/1.1" 200 OK
INFO:     142.252.8.147:17249 - "GET /style.css HTTP/1.1" 200 OK
INFO:     142.252.8.147:58623 - "GET /routing.js HTTP/1.1" 200 OK
INFO:     142.252.8.147:32959 - "GET /changelog.js HTTP/1.1" 200 OK
INFO:     142.252.8.147:21263 - "GET /events.js HTTP/1.1" 200 OK
INFO:     142.252.8.147:58623 - "GET /article.js HTTP/1.1" 200 OK
INFO:     142.252.8.147:21263 - "GET /state.js HTTP/1.1" 200 OK
INFO:     142.252.8.147:32959 - "GET /undo.js HTTP/1.1" 200 OK
INFO:     142.252.8.147:17249 - "GET /refs.js HTTP/1.1" 200 OK
INFO:     142.252.8.147:62235 - "GET /actions.js HTTP/1.1" 200 OK
INFO:     142.252.8.147:37517 - "GET /block.js HTTP/1.1" 200 OK
INFO:     142.252.8.147:58623 - "GET /search.js HTTP/1.1" 200 OK
INFO:     142.252.8.147:17249 - "GET /title.js HTTP/1.1" 200 OK
INFO:     142.252.8.147:21263 - "GET /sidebar.js HTTP/1.1" 200 OK
INFO:     142.252.8.147:32959 - "GET /exporter.js HTTP/1.1" 200 OK
INFO:     142.252.8.147:62235 - "GET /api.js HTTP/1.1" 200 OK
INFO:     142.252.8.147:37517 - "GET /toast.js HTTP/1.1" 200 OK
INFO:     142.252.8.147:58623 - "GET /utils.js HTTP/1.1" 200 OK
INFO:     142.252.8.147:17249 - "GET /modal.js HTTP/1.1" 200 OK
INFO:     142.252.8.147:21263 - "GET /markdown.js HTTP/1.1" 200 OK
INFO:     142.252.8.147:37517 - "GET /api/articles HTTP/1.1" 200 OK
INFO:     142.252.8.147:21263 - "GET /api/changelog HTTP/1.1" 200 OK
INFO:     142.252.8.147:17249 - "GET /favicon.ico HTTP/1.1" 200 OK
INFO:     142.252.8.147:37517 - "GET /api/articles/4d493bf5-6492-4027-ac9a-ae04127db2e5 HTTP/1.1" 200 OK
INFO:     142.252.8.147:60643 - "PATCH /api/articles/4d493bf5-6492-4027-ac9a-ae04127db2e5/collapse HTTP/1.1" 200 OK
INFO:     142.252.8.147:60643 - "PATCH /api/articles/4d493bf5-6492-4027-ac9a-ae04127db2e5/collapse HTTP/1.1" 200 OK
INFO:     142.252.8.147:2453 - "PATCH /api/articles/4d493bf5-6492-4027-ac9a-ae04127db2e5/collapse HTTP/1.1" 200 OK
INFO:     142.252.8.147:2453 - "PATCH /api/articles/4d493bf5-6492-4027-ac9a-ae04127db2e5/collapse HTTP/1.1" 200 OK
INFO:     142.252.8.147:60643 - "PATCH /api/articles/4d493bf5-6492-4027-ac9a-ae04127db2e5/collapse HTTP/1.1" 200 OK
INFO:     142.252.8.147:60643 - "PATCH /api/articles/4d493bf5-6492-4027-ac9a-ae04127db2e5/collapse HTTP/1.1" 200 OK
INFO:     142.252.8.147:60643 - "PATCH /api/articles/4d493bf5-6492-4027-ac9a-ae04127db2e5/collapse HTTP/1.1" 200 OK
INFO:     142.252.8.147:60643 - "PATCH /api/articles/4d493bf5-6492-4027-ac9a-ae04127db2e5/collapse HTTP/1.1" 200 OK
INFO:     142.252.8.147:49439 - "GET /article/4d493bf5-6492-4027-ac9a-ae04127db2e5 HTTP/1.1" 200 OK
INFO:     142.252.8.147:49439 - "GET /app.js HTTP/1.1" 200 OK
INFO:     142.252.8.147:14167 - "GET /style.css HTTP/1.1" 200 OK
INFO:     142.252.8.147:49439 - "GET /routing.js HTTP/1.1" 200 OK
INFO:     142.252.8.147:47627 - "GET /changelog.js HTTP/1.1" 200 OK
INFO:     142.252.8.147:38429 - "GET /events.js HTTP/1.1" 200 OK
INFO:     142.252.8.147:49439 - "GET /article.js HTTP/1.1" 200 OK
INFO:     142.252.8.147:14167 - "GET /refs.js HTTP/1.1" 200 OK
INFO:     142.252.8.147:38429 - "GET /state.js HTTP/1.1" 200 OK
INFO:     142.252.8.147:47627 - "GET /block.js HTTP/1.1" 200 OK
INFO:     142.252.8.147:16775 - "GET /actions.js HTTP/1.1" 200 OK
INFO:     142.252.8.147:34471 - "GET /undo.js HTTP/1.1" 200 OK
INFO:     142.252.8.147:49439 - "GET /search.js HTTP/1.1" 200 OK
INFO:     142.252.8.147:14167 - "GET /title.js HTTP/1.1" 200 OK
INFO:     142.252.8.147:38429 - "GET /sidebar.js HTTP/1.1" 200 OK
INFO:     142.252.8.147:16775 - "GET /exporter.js HTTP/1.1" 200 OK
INFO:     142.252.8.147:47627 - "GET /api.js HTTP/1.1" 200 OK
INFO:     142.252.8.147:49439 - "GET /utils.js HTTP/1.1" 200 OK
INFO:     142.252.8.147:34471 - "GET /toast.js HTTP/1.1" 200 OK
INFO:     142.252.8.147:14167 - "GET /modal.js HTTP/1.1" 200 OK
INFO:     142.252.8.147:38429 - "GET /markdown.js HTTP/1.1" 200 OK
INFO:     142.252.8.147:38429 - "GET /api/changelog HTTP/1.1" 200 OK
INFO:     142.252.8.147:34471 - "GET /favicon.ico HTTP/1.1" 200 OK
INFO:     142.252.8.147:14167 - "GET /api/articles HTTP/1.1" 200 OK
INFO:     142.252.8.147:34471 - "GET /api/articles/4d493bf5-6492-4027-ac9a-ae04127db2e5 HTTP/1.1" 200 OK
INFO:     142.252.8.147:51105 - "PATCH /api/articles/4d493bf5-6492-4027-ac9a-ae04127db2e5/collapse HTTP/1.1" 200 OK
INFO:     142.252.8.147:51105 - "PATCH /api/articles/4d493bf5-6492-4027-ac9a-ae04127db2e5/collapse HTTP/1.1" 200 OK
INFO:     142.252.8.147:51105 - "PATCH /api/articles/4d493bf5-6492-4027-ac9a-ae04127db2e5/collapse HTTP/1.1" 200 OK
INFO:     142.252.8.147:5065 - "PATCH /api/articles/4d493bf5-6492-4027-ac9a-ae04127db2e5/collapse HTTP/1.1" 200 OK
INFO:     142.252.8.147:51105 - "PATCH /api/articles/4d493bf5-6492-4027-ac9a-ae04127db2e5/collapse HTTP/1.1" 200 OK
INFO:     142.252.8.147:5065 - "PATCH /api/articles/4d493bf5-6492-4027-ac9a-ae04127db2e5/collapse HTTP/1.1" 200 OK
INFO:     142.252.8.147:5065 - "PATCH /api/articles/4d493bf5-6492-4027-ac9a-ae04127db2e5/collapse HTTP/1.1" 200 OK
INFO:     142.252.8.147:51105 - "PATCH /api/articles/4d493bf5-6492-4027-ac9a-ae04127db2e5/collapse HTTP/1.1" 200 OK
INFO:     46.242.12.114:16679 - "PATCH /api/articles/4d493bf5-6492-4027-ac9a-ae04127db2e5/collapse HTTP/1.1" 200 OK
INFO:     46.242.12.114:16679 - "PATCH /api/articles/4d493bf5-6492-4027-ac9a-ae04127db2e5/collapse HTTP/1.1" 200 OK
INFO:     46.242.12.114:16679 - "PATCH /api/articles/4d493bf5-6492-4027-ac9a-ae04127db2e5/collapse HTTP/1.1" 200 OK
INFO:     46.242.12.114:16679 - "PATCH /api/articles/4d493bf5-6492-4027-ac9a-ae04127db2e5/collapse HTTP/1.1" 200 OK
INFO:     46.242.12.114:16679 - "PATCH /api/articles/4d493bf5-6492-4027-ac9a-ae04127db2e5/collapse HTTP/1.1" 200 OK
INFO:     46.242.12.114:16679 - "PATCH /api/articles/4d493bf5-6492-4027-ac9a-ae04127db2e5/collapse HTTP/1.1" 200 OK
INFO:     46.242.12.114:16679 - "PATCH /api/articles/4d493bf5-6492-4027-ac9a-ae04127db2e5/collapse HTTP/1.1" 200 OK
INFO:     46.242.12.114:6357 - "GET /article/4d493bf5-6492-4027-ac9a-ae04127db2e5 HTTP/1.1" 200 OK
INFO:     46.242.12.114:6357 - "GET /style.css HTTP/1.1" 200 OK
INFO:     46.242.12.114:9655 - "GET /app.js HTTP/1.1" 200 OK
INFO:     46.242.12.114:6357 - "GET /events.js HTTP/1.1" 200 OK
INFO:     46.242.12.114:9655 - "GET /routing.js HTTP/1.1" 200 OK
INFO:     46.242.12.114:6357 - "GET /changelog.js HTTP/1.1" 200 OK
INFO:     46.242.12.114:6357 - "GET /state.js HTTP/1.1" 200 OK
INFO:     46.242.12.114:16655 - "GET /refs.js HTTP/1.1" 200 OK
INFO:     46.242.12.114:16656 - "GET /undo.js HTTP/1.1" 200 OK
INFO:     46.242.12.114:16663 - "GET /actions.js HTTP/1.1" 200 OK
INFO:     46.242.12.114:6357 - "GET /search.js HTTP/1.1" 200 OK
INFO:     46.242.12.114:16654 - "GET /block.js HTTP/1.1" 200 OK
INFO:     46.242.12.114:16655 - "GET /title.js HTTP/1.1" 200 OK
INFO:     46.242.12.114:9655 - "GET /sidebar.js HTTP/1.1" 200 OK
INFO:     46.242.12.114:16663 - "GET /article.js HTTP/1.1" 200 OK
INFO:     46.242.12.114:16656 - "GET /exporter.js HTTP/1.1" 200 OK
INFO:     46.242.12.114:6357 - "GET /api.js HTTP/1.1" 200 OK
INFO:     46.242.12.114:16655 - "GET /toast.js HTTP/1.1" 200 OK
INFO:     46.242.12.114:16656 - "GET /markdown.js HTTP/1.1" 200 OK
INFO:     46.242.12.114:6357 - "GET /utils.js HTTP/1.1" 200 OK
INFO:     46.242.12.114:16663 - "GET /modal.js HTTP/1.1" 200 OK
INFO:     46.242.12.114:16654 - "GET /api/changelog HTTP/1.1" 200 OK
INFO:     46.242.12.114:16663 - "GET /favicon.ico HTTP/1.1" 200 OK
INFO:     46.242.12.114:9655 - "GET /api/articles HTTP/1.1" 200 OK
INFO:     46.242.12.114:9655 - "GET /api/articles/4d493bf5-6492-4027-ac9a-ae04127db2e5 HTTP/1.1" 200 OK
INFO:     46.242.12.114:9655 - "PATCH /api/articles/4d493bf5-6492-4027-ac9a-ae04127db2e5/collapse HTTP/1.1" 200 OK
INFO:     46.242.12.114:9655 - "PATCH /api/articles/4d493bf5-6492-4027-ac9a-ae04127db2e5/collapse HTTP/1.1" 200 OK
